Namespace(num_epochs=300, workers=56, resume='', dataset='DFDC', max_train_videos=100, max_val_videos=10, config='/global/cfs/projectdirs/m3641/Akaash/deepfake-detection/models/vit/efficient-vit/configs/architecture.yaml', efficient_net=0)
EfficientNet B0 with ViT
Loaded pretrained weights for efficientnet-b0
No checkpoint loaded.
Model Parameters: 109447781
Train size: 0.8
Val size: 0.1
Test size: 0.1
Extracting frames from videos...
Frames extracted.
  0%|          | 0/110 [00:00<?, ?it/s]  1%|          | 1/110 [00:15<27:34, 15.18s/it]100%|██████████| 110/110 [00:15<00:00,  7.25it/s]
Train images: 3000 Validation images: 300
__TRAINING STATS__
Counter({1.0: 2310, 0.0: 690})
Weights 0.2987012987012987
__VALIDATION STATS__
Counter({1.0: 270, 0.0: 30})
___________________
(1080, 1920, 3)
Beginning training...

Loss:  0.28 Accuracy:  0.40625 Train 0s:  24 Train 1s: 8
#0/300 loss:0.32138297872340416 accuracy:0.489 val_loss:0.24300000000000002 val_accuracy:0.6566666666666666 val_0s:95/30 val_1s:205/270

Loss:  0.29 Accuracy:  0.75 Train 0s:  6 Train 1s: 26
Validation loss did not improve
#1/300 loss:0.3178723404255319 accuracy:0.5526666666666666 val_loss:0.256 val_accuracy:0.5966666666666667 val_0s:111/30 val_1s:189/270

Loss:  0.34 Accuracy:  0.5625 Train 0s:  11 Train 1s: 21
Validation loss did not improve
#2/300 loss:0.3131914893617021 accuracy:0.57 val_loss:0.26199999999999996 val_accuracy:0.57 val_0s:113/30 val_1s:187/270

Loss:  0.29 Accuracy:  0.65625 Train 0s:  15 Train 1s: 17
#3/300 loss:0.3108510638297873 accuracy:0.5703333333333334 val_loss:0.254 val_accuracy:0.73 val_0s:51/30 val_1s:249/270

Loss:  0.33 Accuracy:  0.65625 Train 0s:  5 Train 1s: 27
Validation loss did not improve
#4/300 loss:0.30872340425531913 accuracy:0.6193333333333333 val_loss:0.279 val_accuracy:0.38 val_0s:166/30 val_1s:134/270

Loss:  0.34 Accuracy:  0.46875 Train 0s:  19 Train 1s: 13
#5/300 loss:0.304468085106383 accuracy:0.6133333333333333 val_loss:0.277 val_accuracy:0.44 val_0s:140/30 val_1s:160/270

Loss:  0.35 Accuracy:  0.46875 Train 0s:  21 Train 1s: 11
Validation loss did not improve
#6/300 loss:0.30085106382978705 accuracy:0.6243333333333333 val_loss:0.28099999999999997 val_accuracy:0.44 val_0s:142/30 val_1s:158/270

Loss:  0.32 Accuracy:  0.78125 Train 0s:  15 Train 1s: 17
#7/300 loss:0.2977659574468086 accuracy:0.6393333333333333 val_loss:0.267 val_accuracy:0.57 val_0s:99/30 val_1s:201/270

Loss:  0.25 Accuracy:  0.71875 Train 0s:  7 Train 1s: 25
Validation loss did not improve
#8/300 loss:0.2912765957446809 accuracy:0.678 val_loss:0.28700000000000003 val_accuracy:0.5333333333333333 val_0s:110/30 val_1s:190/270

Loss:  0.24 Accuracy:  0.71875 Train 0s:  15 Train 1s: 17
Validation loss did not improve
#9/300 loss:0.2880851063829787 accuracy:0.675 val_loss:0.29800000000000004 val_accuracy:0.5133333333333333 val_0s:116/30 val_1s:184/270

Loss:  0.26 Accuracy:  0.5625 Train 0s:  16 Train 1s: 16
#10/300 loss:0.2834042553191489 accuracy:0.6803333333333333 val_loss:0.288 val_accuracy:0.5066666666666667 val_0s:118/30 val_1s:182/270

Loss:  0.29 Accuracy:  0.65625 Train 0s:  11 Train 1s: 21
Validation loss did not improve
#11/300 loss:0.2768085106382977 accuracy:0.6806666666666666 val_loss:0.301 val_accuracy:0.5633333333333334 val_0s:101/30 val_1s:199/270

Loss:  0.22 Accuracy:  0.8125 Train 0s:  7 Train 1s: 25
Validation loss did not improve
#12/300 loss:0.2699999999999999 accuracy:0.7166666666666667 val_loss:0.32 val_accuracy:0.5066666666666667 val_0s:118/30 val_1s:182/270

Loss:  0.26 Accuracy:  0.6875 Train 0s:  9 Train 1s: 23
Validation loss did not improve
#13/300 loss:0.26531914893617026 accuracy:0.7173333333333334 val_loss:0.32500000000000007 val_accuracy:0.49333333333333335 val_0s:122/30 val_1s:178/270

Loss:  0.2 Accuracy:  0.78125 Train 0s:  11 Train 1s: 21
Validation loss did not improve
#14/300 loss:0.26148936170212767 accuracy:0.7163333333333334 val_loss:0.341 val_accuracy:0.48 val_0s:126/30 val_1s:174/270

Loss:  0.22 Accuracy:  0.78125 Train 0s:  12 Train 1s: 20
#15/300 loss:0.25851063829787235 accuracy:0.6943333333333334 val_loss:0.337 val_accuracy:0.49333333333333335 val_0s:122/30 val_1s:178/270

Loss:  0.23 Accuracy:  0.78125 Train 0s:  15 Train 1s: 17
Validation loss did not improve
#16/300 loss:0.25553191489361704 accuracy:0.7216666666666667 val_loss:0.35700000000000004 val_accuracy:0.5066666666666667 val_0s:118/30 val_1s:182/270

Loss:  0.26 Accuracy:  0.71875 Train 0s:  14 Train 1s: 18
#17/300 loss:0.25585106382978723 accuracy:0.726 val_loss:0.349 val_accuracy:0.49666666666666665 val_0s:121/30 val_1s:179/270

Loss:  0.23 Accuracy:  0.71875 Train 0s:  13 Train 1s: 19
Validation loss did not improve
#18/300 loss:0.25680851063829774 accuracy:0.716 val_loss:0.35 val_accuracy:0.5 val_0s:120/30 val_1s:180/270

Loss:  0.23 Accuracy:  0.75 Train 0s:  14 Train 1s: 18
#19/300 loss:0.2549999999999999 accuracy:0.7186666666666667 val_loss:0.345 val_accuracy:0.5033333333333333 val_0s:119/30 val_1s:181/270

Loss:  0.28 Accuracy:  0.71875 Train 0s:  15 Train 1s: 17
Validation loss did not improve
#20/300 loss:0.25308510638297876 accuracy:0.7303333333333333 val_loss:0.38500000000000006 val_accuracy:0.49666666666666665 val_0s:121/30 val_1s:179/270

Loss:  0.25 Accuracy:  0.75 Train 0s:  12 Train 1s: 20
#21/300 loss:0.25297872340425537 accuracy:0.743 val_loss:0.36 val_accuracy:0.51 val_0s:117/30 val_1s:183/270

Loss:  0.32 Accuracy:  0.71875 Train 0s:  13 Train 1s: 19
#22/300 loss:0.2485106382978724 accuracy:0.7326666666666667 val_loss:0.358 val_accuracy:0.5 val_0s:120/30 val_1s:180/270

Loss:  0.23 Accuracy:  0.6875 Train 0s:  11 Train 1s: 21
#23/300 loss:0.25180851063829784 accuracy:0.739 val_loss:0.354 val_accuracy:0.5033333333333333 val_0s:119/30 val_1s:181/270

Loss:  0.28 Accuracy:  0.6875 Train 0s:  17 Train 1s: 15
Validation loss did not improve
#24/300 loss:0.24840425531914898 accuracy:0.733 val_loss:0.36 val_accuracy:0.5133333333333333 val_0s:116/30 val_1s:184/270

Loss:  0.31 Accuracy:  0.75 Train 0s:  15 Train 1s: 17
Validation loss did not improve
#25/300 loss:0.24712765957446806 accuracy:0.7426666666666667 val_loss:0.363 val_accuracy:0.5033333333333333 val_0s:119/30 val_1s:181/270

Loss:  0.17 Accuracy:  0.84375 Train 0s:  8 Train 1s: 24
Validation loss did not improve
#26/300 loss:0.24691489361702132 accuracy:0.738 val_loss:0.37699999999999995 val_accuracy:0.5 val_0s:120/30 val_1s:180/270

Loss:  0.23 Accuracy:  0.71875 Train 0s:  10 Train 1s: 22
#27/300 loss:0.2493617021276596 accuracy:0.7306666666666667 val_loss:0.353 val_accuracy:0.5033333333333333 val_0s:119/30 val_1s:181/270

Loss:  0.25 Accuracy:  0.71875 Train 0s:  14 Train 1s: 18
Validation loss did not improve
#28/300 loss:0.24425531914893617 accuracy:0.7356666666666667 val_loss:0.361 val_accuracy:0.5033333333333333 val_0s:119/30 val_1s:181/270

Loss:  0.25 Accuracy:  0.65625 Train 0s:  13 Train 1s: 19
Validation loss did not improve
#29/300 loss:0.24989361702127655 accuracy:0.7403333333333333 val_loss:0.36800000000000005 val_accuracy:0.5033333333333333 val_0s:119/30 val_1s:181/270

Loss:  0.22 Accuracy:  0.65625 Train 0s:  14 Train 1s: 18
Validation loss did not improve
#30/300 loss:0.2485106382978724 accuracy:0.735 val_loss:0.37 val_accuracy:0.5033333333333333 val_0s:119/30 val_1s:181/270

Loss:  0.21 Accuracy:  0.78125 Train 0s:  13 Train 1s: 19
Validation loss did not improve
#31/300 loss:0.2487234042553191 accuracy:0.728 val_loss:0.3700000000000001 val_accuracy:0.5 val_0s:120/30 val_1s:180/270

Loss:  0.26 Accuracy:  0.75 Train 0s:  16 Train 1s: 16
Validation loss did not improve
#32/300 loss:0.24734042553191493 accuracy:0.74 val_loss:0.387 val_accuracy:0.5066666666666667 val_0s:118/30 val_1s:182/270

Loss:  0.3 Accuracy:  0.5625 Train 0s:  17 Train 1s: 15
#33/300 loss:0.24904255319148924 accuracy:0.7263333333333334 val_loss:0.36300000000000004 val_accuracy:0.49666666666666665 val_0s:121/30 val_1s:179/270

Loss:  0.29 Accuracy:  0.78125 Train 0s:  14 Train 1s: 18
Validation loss did not improve
#34/300 loss:0.24734042553191482 accuracy:0.7353333333333333 val_loss:0.36600000000000005 val_accuracy:0.5033333333333333 val_0s:119/30 val_1s:181/270

Loss:  0.21 Accuracy:  0.8125 Train 0s:  14 Train 1s: 18
#35/300 loss:0.24638297872340423 accuracy:0.7346666666666667 val_loss:0.356 val_accuracy:0.49666666666666665 val_0s:121/30 val_1s:179/270

Loss:  0.25 Accuracy:  0.8125 Train 0s:  10 Train 1s: 22
Validation loss did not improve
#36/300 loss:0.24680851063829784 accuracy:0.7373333333333333 val_loss:0.382 val_accuracy:0.5066666666666667 val_0s:118/30 val_1s:182/270

Loss:  0.24 Accuracy:  0.6875 Train 0s:  15 Train 1s: 17
#37/300 loss:0.24797872340425542 accuracy:0.7443333333333333 val_loss:0.378 val_accuracy:0.49666666666666665 val_0s:121/30 val_1s:179/270

Loss:  0.22 Accuracy:  0.8125 Train 0s:  13 Train 1s: 19
#38/300 loss:0.2469148936170213 accuracy:0.7416666666666667 val_loss:0.376 val_accuracy:0.49666666666666665 val_0s:121/30 val_1s:179/270

Loss:  0.25 Accuracy:  0.78125 Train 0s:  11 Train 1s: 21
#39/300 loss:0.24478723404255326 accuracy:0.7506666666666667 val_loss:0.367 val_accuracy:0.5033333333333333 val_0s:119/30 val_1s:181/270

Loss:  0.28 Accuracy:  0.71875 Train 0s:  18 Train 1s: 14
#40/300 loss:0.2473404255319149 accuracy:0.7296666666666667 val_loss:0.36500000000000005 val_accuracy:0.49666666666666665 val_0s:121/30 val_1s:179/270

Loss:  0.27 Accuracy:  0.6875 Train 0s:  12 Train 1s: 20
Validation loss did not improve
#41/300 loss:0.2440425531914893 accuracy:0.753 val_loss:0.36700000000000005 val_accuracy:0.49333333333333335 val_0s:122/30 val_1s:178/270

Loss:  0.32 Accuracy:  0.5625 Train 0s:  13 Train 1s: 19
#42/300 loss:0.24627659574468083 accuracy:0.7383333333333333 val_loss:0.363 val_accuracy:0.5166666666666667 val_0s:115/30 val_1s:185/270

Loss:  0.21 Accuracy:  0.84375 Train 0s:  11 Train 1s: 21
Validation loss did not improve
#43/300 loss:0.2473404255319149 accuracy:0.734 val_loss:0.393 val_accuracy:0.5066666666666667 val_0s:118/30 val_1s:182/270

Loss:  0.23 Accuracy:  0.65625 Train 0s:  15 Train 1s: 17
#44/300 loss:0.2481914893617021 accuracy:0.7366666666666667 val_loss:0.36899999999999994 val_accuracy:0.51 val_0s:117/30 val_1s:183/270

Loss:  0.23 Accuracy:  0.75 Train 0s:  16 Train 1s: 16
#45/300 loss:0.2481914893617021 accuracy:0.7336666666666667 val_loss:0.361 val_accuracy:0.5 val_0s:120/30 val_1s:180/270

Loss:  0.25 Accuracy:  0.71875 Train 0s:  13 Train 1s: 19
Validation loss did not improve
#46/300 loss:0.24542553191489366 accuracy:0.7496666666666667 val_loss:0.383 val_accuracy:0.5 val_0s:120/30 val_1s:180/270

Loss:  0.26 Accuracy:  0.8125 Train 0s:  10 Train 1s: 22
#47/300 loss:0.2441489361702129 accuracy:0.7463333333333333 val_loss:0.368 val_accuracy:0.49666666666666665 val_0s:121/30 val_1s:179/270

Loss:  0.23 Accuracy:  0.78125 Train 0s:  14 Train 1s: 18
Validation loss did not improve
#48/300 loss:0.247659574468085 accuracy:0.7426666666666667 val_loss:0.39099999999999996 val_accuracy:0.5033333333333333 val_0s:119/30 val_1s:181/270

Loss:  0.25 Accuracy:  0.75 Train 0s:  9 Train 1s: 23
#49/300 loss:0.24680851063829798 accuracy:0.736 val_loss:0.38299999999999995 val_accuracy:0.5033333333333333 val_0s:119/30 val_1s:181/270

Loss:  0.25 Accuracy:  0.6875 Train 0s:  13 Train 1s: 19
Validation loss did not improve
#50/300 loss:0.24723404255319142 accuracy:0.7316666666666667 val_loss:0.388 val_accuracy:0.5033333333333333 val_0s:119/30 val_1s:181/270

Loss:  0.25 Accuracy:  0.6875 Train 0s:  14 Train 1s: 18
#51/300 loss:0.24595744680851056 accuracy:0.7356666666666667 val_loss:0.369 val_accuracy:0.5066666666666667 val_0s:118/30 val_1s:182/270

Loss:  0.18 Accuracy:  0.78125 Train 0s:  10 Train 1s: 22
Validation loss did not improve
#52/300 loss:0.24436170212765948 accuracy:0.7353333333333333 val_loss:0.375 val_accuracy:0.5033333333333333 val_0s:119/30 val_1s:181/270

Loss:  0.18 Accuracy:  0.75 Train 0s:  11 Train 1s: 21
Validation loss did not improve
#53/300 loss:0.24691489361702132 accuracy:0.735 val_loss:0.392 val_accuracy:0.51 val_0s:117/30 val_1s:183/270

Loss:  0.24 Accuracy:  0.625 Train 0s:  14 Train 1s: 18
#54/300 loss:0.2454255319148937 accuracy:0.7393333333333333 val_loss:0.379 val_accuracy:0.5 val_0s:120/30 val_1s:180/270

Loss:  0.23 Accuracy:  0.75 Train 0s:  10 Train 1s: 22
#55/300 loss:0.24638297872340428 accuracy:0.7373333333333333 val_loss:0.371 val_accuracy:0.5 val_0s:120/30 val_1s:180/270

Loss:  0.21 Accuracy:  0.71875 Train 0s:  15 Train 1s: 17
#56/300 loss:0.24872340425531905 accuracy:0.7213333333333334 val_loss:0.36999999999999994 val_accuracy:0.5 val_0s:120/30 val_1s:180/270

Loss:  0.22 Accuracy:  0.65625 Train 0s:  12 Train 1s: 20
#57/300 loss:0.24478723404255331 accuracy:0.733 val_loss:0.356 val_accuracy:0.5033333333333333 val_0s:119/30 val_1s:181/270

Loss:  0.26 Accuracy:  0.71875 Train 0s:  15 Train 1s: 17
Validation loss did not improve
#58/300 loss:0.24404255319148935 accuracy:0.741 val_loss:0.372 val_accuracy:0.5066666666666667 val_0s:118/30 val_1s:182/270

Loss:  0.22 Accuracy:  0.65625 Train 0s:  11 Train 1s: 21
#59/300 loss:0.24691489361702137 accuracy:0.7313333333333333 val_loss:0.368 val_accuracy:0.5066666666666667 val_0s:118/30 val_1s:182/270

Loss:  0.27 Accuracy:  0.78125 Train 0s:  11 Train 1s: 21
Validation loss did not improve
#60/300 loss:0.24478723404255312 accuracy:0.7436666666666667 val_loss:0.377 val_accuracy:0.5033333333333333 val_0s:119/30 val_1s:181/270

Loss:  0.26 Accuracy:  0.65625 Train 0s:  15 Train 1s: 17
Validation loss did not improve
#61/300 loss:0.24457446808510652 accuracy:0.747 val_loss:0.38299999999999995 val_accuracy:0.5033333333333333 val_0s:119/30 val_1s:181/270

Loss:  0.24 Accuracy:  0.75 Train 0s:  11 Train 1s: 21
#62/300 loss:0.24500000000000005 accuracy:0.7416666666666667 val_loss:0.36400000000000005 val_accuracy:0.5066666666666667 val_0s:118/30 val_1s:182/270

Loss:  0.21 Accuracy:  0.90625 Train 0s:  6 Train 1s: 26
Validation loss did not improve
#63/300 loss:0.24776595744680854 accuracy:0.7343333333333333 val_loss:0.38899999999999996 val_accuracy:0.51 val_0s:117/30 val_1s:183/270

Loss:  0.21 Accuracy:  0.8125 Train 0s:  12 Train 1s: 20
#64/300 loss:0.24393617021276603 accuracy:0.7346666666666667 val_loss:0.3629999999999999 val_accuracy:0.49666666666666665 val_0s:121/30 val_1s:179/270

Loss:  0.21 Accuracy:  0.75 Train 0s:  10 Train 1s: 22
Validation loss did not improve
#65/300 loss:0.24585106382978733 accuracy:0.7383333333333333 val_loss:0.365 val_accuracy:0.5066666666666667 val_0s:118/30 val_1s:182/270

Loss:  0.3 Accuracy:  0.6875 Train 0s:  11 Train 1s: 21
#66/300 loss:0.2453191489361702 accuracy:0.731 val_loss:0.36 val_accuracy:0.49666666666666665 val_0s:121/30 val_1s:179/270

Loss:  0.23 Accuracy:  0.65625 Train 0s:  17 Train 1s: 15
Validation loss did not improve
#67/300 loss:0.24297872340425533 accuracy:0.744 val_loss:0.382 val_accuracy:0.5 val_0s:120/30 val_1s:180/270

Loss:  0.25 Accuracy:  0.6875 Train 0s:  13 Train 1s: 19
#68/300 loss:0.2472340425531915 accuracy:0.74 val_loss:0.357 val_accuracy:0.5066666666666667 val_0s:118/30 val_1s:182/270

Loss:  0.25 Accuracy:  0.71875 Train 0s:  15 Train 1s: 17
Validation loss did not improve
#69/300 loss:0.24510638297872342 accuracy:0.7343333333333333 val_loss:0.374 val_accuracy:0.51 val_0s:117/30 val_1s:183/270

Loss:  0.24 Accuracy:  0.75 Train 0s:  11 Train 1s: 21
#70/300 loss:0.24851063829787245 accuracy:0.728 val_loss:0.358 val_accuracy:0.5066666666666667 val_0s:118/30 val_1s:182/270

Loss:  0.29 Accuracy:  0.8125 Train 0s:  12 Train 1s: 20
Validation loss did not improve
#71/300 loss:0.24638297872340423 accuracy:0.74 val_loss:0.391 val_accuracy:0.5033333333333333 val_0s:119/30 val_1s:181/270

Loss:  0.24 Accuracy:  0.625 Train 0s:  10 Train 1s: 22
Validation loss did not improve
#72/300 loss:0.2452127659574468 accuracy:0.7376666666666667 val_loss:0.4 val_accuracy:0.5033333333333333 val_0s:119/30 val_1s:181/270

Loss:  0.26 Accuracy:  0.625 Train 0s:  13 Train 1s: 19
#73/300 loss:0.25031914893617024 accuracy:0.732 val_loss:0.38099999999999995 val_accuracy:0.51 val_0s:117/30 val_1s:183/270

Loss:  0.29 Accuracy:  0.78125 Train 0s:  13 Train 1s: 19
#74/300 loss:0.24882978723404264 accuracy:0.7306666666666667 val_loss:0.375 val_accuracy:0.5033333333333333 val_0s:119/30 val_1s:181/270

Loss:  0.29 Accuracy:  0.75 Train 0s:  12 Train 1s: 20
#75/300 loss:0.24521276595744684 accuracy:0.741 val_loss:0.37 val_accuracy:0.5133333333333333 val_0s:116/30 val_1s:184/270

Loss:  0.26 Accuracy:  0.8125 Train 0s:  16 Train 1s: 16
#76/300 loss:0.24648936170212776 accuracy:0.738 val_loss:0.364 val_accuracy:0.5133333333333333 val_0s:116/30 val_1s:184/270

Loss:  0.2 Accuracy:  0.78125 Train 0s:  11 Train 1s: 21
Validation loss did not improve
#77/300 loss:0.24414893617021272 accuracy:0.7453333333333333 val_loss:0.3710000000000001 val_accuracy:0.5 val_0s:120/30 val_1s:180/270

Loss:  0.23 Accuracy:  0.625 Train 0s:  14 Train 1s: 18
#78/300 loss:0.24829787234042552 accuracy:0.7426666666666667 val_loss:0.368 val_accuracy:0.5033333333333333 val_0s:119/30 val_1s:181/270

Loss:  0.24 Accuracy:  0.8125 Train 0s:  7 Train 1s: 25
Validation loss did not improve
#79/300 loss:0.24734042553191485 accuracy:0.7276666666666667 val_loss:0.388 val_accuracy:0.5133333333333333 val_0s:116/30 val_1s:184/270

Loss:  0.26 Accuracy:  0.6875 Train 0s:  14 Train 1s: 18
#80/300 loss:0.2486170212765958 accuracy:0.728 val_loss:0.357 val_accuracy:0.5033333333333333 val_0s:119/30 val_1s:181/270

Loss:  0.25 Accuracy:  0.75 Train 0s:  13 Train 1s: 19
Validation loss did not improve
#81/300 loss:0.24468085106382978 accuracy:0.7403333333333333 val_loss:0.38 val_accuracy:0.49666666666666665 val_0s:121/30 val_1s:179/270

Loss:  0.21 Accuracy:  0.8125 Train 0s:  12 Train 1s: 20
Validation loss did not improve
#82/300 loss:0.2456382978723404 accuracy:0.739 val_loss:0.3970000000000001 val_accuracy:0.5166666666666667 val_0s:115/30 val_1s:185/270

Loss:  0.23 Accuracy:  0.65625 Train 0s:  13 Train 1s: 19
#83/300 loss:0.24617021276595738 accuracy:0.7336666666666667 val_loss:0.395 val_accuracy:0.51 val_0s:117/30 val_1s:183/270

Loss:  0.24 Accuracy:  0.71875 Train 0s:  14 Train 1s: 18
#84/300 loss:0.24968085106382984 accuracy:0.7336666666666667 val_loss:0.38499999999999995 val_accuracy:0.5033333333333333 val_0s:119/30 val_1s:181/270

Loss:  0.23 Accuracy:  0.8125 Train 0s:  15 Train 1s: 17
#85/300 loss:0.24638297872340437 accuracy:0.7343333333333333 val_loss:0.363 val_accuracy:0.5066666666666667 val_0s:118/30 val_1s:182/270

Loss:  0.23 Accuracy:  0.71875 Train 0s:  14 Train 1s: 18
Validation loss did not improve
#86/300 loss:0.2468085106382979 accuracy:0.7323333333333333 val_loss:0.383 val_accuracy:0.5033333333333333 val_0s:119/30 val_1s:181/270

Loss:  0.25 Accuracy:  0.71875 Train 0s:  12 Train 1s: 20
Validation loss did not improve
#87/300 loss:0.24499999999999986 accuracy:0.7453333333333333 val_loss:0.39299999999999996 val_accuracy:0.5 val_0s:120/30 val_1s:180/270

Loss:  0.24 Accuracy:  0.78125 Train 0s:  13 Train 1s: 19
#88/300 loss:0.24170212765957452 accuracy:0.7436666666666667 val_loss:0.36700000000000005 val_accuracy:0.5166666666666667 val_0s:115/30 val_1s:185/270

Loss:  0.22 Accuracy:  0.84375 Train 0s:  9 Train 1s: 23
#89/300 loss:0.24617021276595752 accuracy:0.74 val_loss:0.358 val_accuracy:0.5 val_0s:120/30 val_1s:180/270

Loss:  0.21 Accuracy:  0.75 Train 0s:  8 Train 1s: 24
Validation loss did not improve
#90/300 loss:0.24893617021276596 accuracy:0.7293333333333333 val_loss:0.366 val_accuracy:0.5033333333333333 val_0s:119/30 val_1s:181/270

Loss:  0.21 Accuracy:  0.78125 Train 0s:  10 Train 1s: 22
#91/300 loss:0.24648936170212765 accuracy:0.737 val_loss:0.36499999999999994 val_accuracy:0.5166666666666667 val_0s:115/30 val_1s:185/270

Loss:  0.19 Accuracy:  0.90625 Train 0s:  7 Train 1s: 25
#92/300 loss:0.2438297872340426 accuracy:0.734 val_loss:0.356 val_accuracy:0.5 val_0s:120/30 val_1s:180/270

Loss:  0.28 Accuracy:  0.65625 Train 0s:  13 Train 1s: 19
Validation loss did not improve
#93/300 loss:0.24627659574468094 accuracy:0.736 val_loss:0.382 val_accuracy:0.5033333333333333 val_0s:121/30 val_1s:179/270

Loss:  0.31 Accuracy:  0.65625 Train 0s:  12 Train 1s: 20
#94/300 loss:0.2509574468085106 accuracy:0.733 val_loss:0.371 val_accuracy:0.5066666666666667 val_0s:118/30 val_1s:182/270

Loss:  0.23 Accuracy:  0.78125 Train 0s:  14 Train 1s: 18
Validation loss did not improve
#95/300 loss:0.2458510638297873 accuracy:0.7346666666666667 val_loss:0.384 val_accuracy:0.49 val_0s:123/30 val_1s:177/270

Loss:  0.21 Accuracy:  0.75 Train 0s:  15 Train 1s: 17
#96/300 loss:0.24340425531914892 accuracy:0.7413333333333333 val_loss:0.35500000000000004 val_accuracy:0.5033333333333333 val_0s:119/30 val_1s:181/270

Loss:  0.2 Accuracy:  0.75 Train 0s:  14 Train 1s: 18
Validation loss did not improve
#97/300 loss:0.2474468085106382 accuracy:0.739 val_loss:0.368 val_accuracy:0.51 val_0s:117/30 val_1s:183/270

Loss:  0.32 Accuracy:  0.65625 Train 0s:  14 Train 1s: 18
Validation loss did not improve
#98/300 loss:0.2472340425531915 accuracy:0.735 val_loss:0.37099999999999994 val_accuracy:0.5 val_0s:120/30 val_1s:180/270

Loss:  0.24 Accuracy:  0.65625 Train 0s:  17 Train 1s: 15
#99/300 loss:0.2482978723404254 accuracy:0.7366666666666667 val_loss:0.362 val_accuracy:0.5033333333333333 val_0s:119/30 val_1s:181/270

Loss:  0.24 Accuracy:  0.75 Train 0s:  10 Train 1s: 22
Validation loss did not improve
#100/300 loss:0.24734042553191501 accuracy:0.735 val_loss:0.37099999999999994 val_accuracy:0.49666666666666665 val_0s:121/30 val_1s:179/270

Loss:  0.19 Accuracy:  0.75 Train 0s:  11 Train 1s: 21
Validation loss did not improve
#101/300 loss:0.2473404255319149 accuracy:0.7336666666666667 val_loss:0.372 val_accuracy:0.5033333333333333 val_0s:119/30 val_1s:181/270

Loss:  0.19 Accuracy:  0.75 Train 0s:  8 Train 1s: 24
#102/300 loss:0.24606382978723407 accuracy:0.739 val_loss:0.35 val_accuracy:0.5133333333333333 val_0s:116/30 val_1s:184/270

Loss:  0.18 Accuracy:  0.78125 Train 0s:  12 Train 1s: 20
Validation loss did not improve
#103/300 loss:0.24521276595744684 accuracy:0.7453333333333333 val_loss:0.358 val_accuracy:0.49666666666666665 val_0s:121/30 val_1s:179/270

Loss:  0.26 Accuracy:  0.75 Train 0s:  13 Train 1s: 19
Validation loss did not improve
#104/300 loss:0.2431914893617021 accuracy:0.7456666666666667 val_loss:0.384 val_accuracy:0.49666666666666665 val_0s:121/30 val_1s:179/270

Loss:  0.22 Accuracy:  0.71875 Train 0s:  14 Train 1s: 18
Validation loss did not improve
#105/300 loss:0.24734042553191485 accuracy:0.74 val_loss:0.397 val_accuracy:0.5 val_0s:120/30 val_1s:180/270

Loss:  0.25 Accuracy:  0.78125 Train 0s:  8 Train 1s: 24
#106/300 loss:0.2447872340425532 accuracy:0.7443333333333333 val_loss:0.372 val_accuracy:0.5133333333333333 val_0s:116/30 val_1s:184/270

Loss:  0.24 Accuracy:  0.84375 Train 0s:  10 Train 1s: 22
Validation loss did not improve
#107/300 loss:0.2512765957446808 accuracy:0.7313333333333333 val_loss:0.40599999999999997 val_accuracy:0.5066666666666667 val_0s:118/30 val_1s:182/270

Loss:  0.19 Accuracy:  0.78125 Train 0s:  11 Train 1s: 21
#108/300 loss:0.24393617021276606 accuracy:0.7486666666666667 val_loss:0.368 val_accuracy:0.5 val_0s:120/30 val_1s:180/270

Loss:  0.21 Accuracy:  0.75 Train 0s:  15 Train 1s: 17
Validation loss did not improve
#109/300 loss:0.2451063829787235 accuracy:0.737 val_loss:0.39 val_accuracy:0.5033333333333333 val_0s:119/30 val_1s:181/270

Loss:  0.21 Accuracy:  0.75 Train 0s:  12 Train 1s: 20
#110/300 loss:0.2456382978723404 accuracy:0.74 val_loss:0.36300000000000004 val_accuracy:0.5066666666666667 val_0s:118/30 val_1s:182/270

Loss:  0.21 Accuracy:  0.78125 Train 0s:  11 Train 1s: 21
#111/300 loss:0.24425531914893622 accuracy:0.7456666666666667 val_loss:0.361 val_accuracy:0.51 val_0s:117/30 val_1s:183/270

Loss:  0.29 Accuracy:  0.78125 Train 0s:  16 Train 1s: 16
Validation loss did not improve
#112/300 loss:0.2454255319148936 accuracy:0.7416666666666667 val_loss:0.382 val_accuracy:0.5066666666666667 val_0s:118/30 val_1s:182/270

Loss:  0.2 Accuracy:  0.71875 Train 0s:  13 Train 1s: 19
#113/300 loss:0.24574468085106374 accuracy:0.7333333333333333 val_loss:0.37 val_accuracy:0.5033333333333333 val_0s:119/30 val_1s:181/270

Loss:  0.26 Accuracy:  0.71875 Train 0s:  14 Train 1s: 18
Validation loss did not improve
#114/300 loss:0.24244680851063835 accuracy:0.74 val_loss:0.38699999999999996 val_accuracy:0.5066666666666667 val_0s:118/30 val_1s:182/270

Loss:  0.22 Accuracy:  0.78125 Train 0s:  12 Train 1s: 20
Validation loss did not improve
#115/300 loss:0.2447872340425532 accuracy:0.7433333333333333 val_loss:0.387 val_accuracy:0.5133333333333333 val_0s:116/30 val_1s:184/270

Loss:  0.32 Accuracy:  0.625 Train 0s:  15 Train 1s: 17
#116/300 loss:0.24659574468085102 accuracy:0.73 val_loss:0.366 val_accuracy:0.5066666666666667 val_0s:120/30 val_1s:180/270

Loss:  0.29 Accuracy:  0.78125 Train 0s:  12 Train 1s: 20
Validation loss did not improve
#117/300 loss:0.2429787234042554 accuracy:0.7396666666666667 val_loss:0.371 val_accuracy:0.5033333333333333 val_0s:119/30 val_1s:181/270

Loss:  0.34 Accuracy:  0.6875 Train 0s:  12 Train 1s: 20
Validation loss did not improve
#118/300 loss:0.24436170212765967 accuracy:0.7463333333333333 val_loss:0.37700000000000006 val_accuracy:0.49666666666666665 val_0s:121/30 val_1s:179/270

Loss:  0.23 Accuracy:  0.71875 Train 0s:  16 Train 1s: 16
#119/300 loss:0.24606382978723404 accuracy:0.7386666666666667 val_loss:0.361 val_accuracy:0.51 val_0s:117/30 val_1s:183/270

Loss:  0.23 Accuracy:  0.71875 Train 0s:  11 Train 1s: 21
Validation loss did not improve
#120/300 loss:0.24521276595744693 accuracy:0.7333333333333333 val_loss:0.371 val_accuracy:0.5033333333333333 val_0s:119/30 val_1s:181/270

Loss:  0.17 Accuracy:  0.71875 Train 0s:  10 Train 1s: 22
Validation loss did not improve
#121/300 loss:0.24457446808510636 accuracy:0.744 val_loss:0.378 val_accuracy:0.51 val_0s:117/30 val_1s:183/270

Loss:  0.29 Accuracy:  0.625 Train 0s:  14 Train 1s: 18
#122/300 loss:0.24436170212765954 accuracy:0.7413333333333333 val_loss:0.372 val_accuracy:0.49 val_0s:123/30 val_1s:177/270

Loss:  0.29 Accuracy:  0.65625 Train 0s:  11 Train 1s: 21
Validation loss did not improve
#123/300 loss:0.24595744680851062 accuracy:0.7333333333333333 val_loss:0.376 val_accuracy:0.5 val_0s:120/30 val_1s:180/270

Loss:  0.32 Accuracy:  0.5 Train 0s:  16 Train 1s: 16
#124/300 loss:0.24521276595744684 accuracy:0.7316666666666667 val_loss:0.372 val_accuracy:0.5 val_0s:120/30 val_1s:180/270

Loss:  0.25 Accuracy:  0.71875 Train 0s:  16 Train 1s: 16
#125/300 loss:0.24351063829787234 accuracy:0.7363333333333333 val_loss:0.36899999999999994 val_accuracy:0.51 val_0s:117/30 val_1s:183/270

Loss:  0.25 Accuracy:  0.71875 Train 0s:  12 Train 1s: 20
#126/300 loss:0.24478723404255326 accuracy:0.7403333333333333 val_loss:0.36 val_accuracy:0.49333333333333335 val_0s:122/30 val_1s:178/270

Loss:  0.2 Accuracy:  0.75 Train 0s:  11 Train 1s: 21
Validation loss did not improve
#127/300 loss:0.24244680851063835 accuracy:0.751 val_loss:0.36400000000000005 val_accuracy:0.5 val_0s:120/30 val_1s:180/270

Loss:  0.26 Accuracy:  0.75 Train 0s:  12 Train 1s: 20
Validation loss did not improve
#128/300 loss:0.24808510638297876 accuracy:0.7403333333333333 val_loss:0.399 val_accuracy:0.5033333333333333 val_0s:119/30 val_1s:181/270

Loss:  0.24 Accuracy:  0.78125 Train 0s:  12 Train 1s: 20
#129/300 loss:0.2453191489361702 accuracy:0.7313333333333333 val_loss:0.368 val_accuracy:0.5033333333333333 val_0s:119/30 val_1s:181/270

Loss:  0.23 Accuracy:  0.78125 Train 0s:  11 Train 1s: 21
Validation loss did not improve
#130/300 loss:0.2441489361702128 accuracy:0.7373333333333333 val_loss:0.37100000000000005 val_accuracy:0.51 val_0s:117/30 val_1s:183/270

Loss:  0.21 Accuracy:  0.8125 Train 0s:  12 Train 1s: 20
#131/300 loss:0.243404255319149 accuracy:0.7466666666666667 val_loss:0.3690000000000001 val_accuracy:0.49666666666666665 val_0s:121/30 val_1s:179/270

Loss:  0.24 Accuracy:  0.75 Train 0s:  15 Train 1s: 17
Validation loss did not improve
#132/300 loss:0.24436170212765956 accuracy:0.7433333333333333 val_loss:0.38 val_accuracy:0.5 val_0s:120/30 val_1s:180/270

Loss:  0.25 Accuracy:  0.75 Train 0s:  9 Train 1s: 23
#133/300 loss:0.24478723404255318 accuracy:0.7416666666666667 val_loss:0.363 val_accuracy:0.5133333333333333 val_0s:116/30 val_1s:184/270

Loss:  0.26 Accuracy:  0.75 Train 0s:  11 Train 1s: 21
#134/300 loss:0.24585106382978728 accuracy:0.7383333333333333 val_loss:0.35699999999999993 val_accuracy:0.49666666666666665 val_0s:121/30 val_1s:179/270

Loss:  0.27 Accuracy:  0.78125 Train 0s:  14 Train 1s: 18
Validation loss did not improve
#135/300 loss:0.24468085106382972 accuracy:0.7406666666666667 val_loss:0.367 val_accuracy:0.49333333333333335 val_0s:122/30 val_1s:178/270

Loss:  0.21 Accuracy:  0.8125 Train 0s:  10 Train 1s: 22
Validation loss did not improve
#136/300 loss:0.24638297872340426 accuracy:0.7376666666666667 val_loss:0.371 val_accuracy:0.5066666666666667 val_0s:118/30 val_1s:182/270

Loss:  0.3 Accuracy:  0.625 Train 0s:  13 Train 1s: 19
Validation loss did not improve
#137/300 loss:0.24606382978723404 accuracy:0.744 val_loss:0.379 val_accuracy:0.5066666666666667 val_0s:118/30 val_1s:182/270

Loss:  0.23 Accuracy:  0.6875 Train 0s:  14 Train 1s: 18
#138/300 loss:0.2481914893617022 accuracy:0.7306666666666667 val_loss:0.357 val_accuracy:0.5066666666666667 val_0s:118/30 val_1s:182/270

Loss:  0.27 Accuracy:  0.59375 Train 0s:  13 Train 1s: 19
#139/300 loss:0.24680851063829787 accuracy:0.738 val_loss:0.356 val_accuracy:0.49333333333333335 val_0s:122/30 val_1s:178/270

Loss:  0.25 Accuracy:  0.8125 Train 0s:  11 Train 1s: 21
Validation loss did not improve
#140/300 loss:0.24468085106382975 accuracy:0.7433333333333333 val_loss:0.35700000000000004 val_accuracy:0.5133333333333333 val_0s:116/30 val_1s:184/270

Loss:  0.22 Accuracy:  0.75 Train 0s:  15 Train 1s: 17
Validation loss did not improve
#141/300 loss:0.24468085106382984 accuracy:0.7396666666666667 val_loss:0.37 val_accuracy:0.51 val_0s:117/30 val_1s:183/270

Loss:  0.29 Accuracy:  0.84375 Train 0s:  10 Train 1s: 22
#142/300 loss:0.24765957446808512 accuracy:0.7393333333333333 val_loss:0.363 val_accuracy:0.5133333333333333 val_0s:116/30 val_1s:184/270

Loss:  0.31 Accuracy:  0.75 Train 0s:  13 Train 1s: 19
Validation loss did not improve
#143/300 loss:0.24670212765957453 accuracy:0.742 val_loss:0.368 val_accuracy:0.5066666666666667 val_0s:118/30 val_1s:182/270

Loss:  0.25 Accuracy:  0.6875 Train 0s:  13 Train 1s: 19
#144/300 loss:0.24893617021276596 accuracy:0.7346666666666667 val_loss:0.36100000000000004 val_accuracy:0.5166666666666667 val_0s:115/30 val_1s:185/270

Loss:  0.19 Accuracy:  0.78125 Train 0s:  13 Train 1s: 19
Validation loss did not improve
#145/300 loss:0.2452127659574468 accuracy:0.737 val_loss:0.37 val_accuracy:0.5 val_0s:120/30 val_1s:180/270

Loss:  0.2 Accuracy:  0.875 Train 0s:  13 Train 1s: 19
Validation loss did not improve
#146/300 loss:0.24499999999999997 accuracy:0.7343333333333333 val_loss:0.374 val_accuracy:0.5066666666666667 val_0s:118/30 val_1s:182/270

Loss:  0.3 Accuracy:  0.65625 Train 0s:  11 Train 1s: 21
#147/300 loss:0.24351063829787228 accuracy:0.7456666666666667 val_loss:0.36900000000000005 val_accuracy:0.5 val_0s:120/30 val_1s:180/270

Loss:  0.27 Accuracy:  0.84375 Train 0s:  11 Train 1s: 21
Validation loss did not improve
#148/300 loss:0.24627659574468083 accuracy:0.7383333333333333 val_loss:0.40499999999999997 val_accuracy:0.51 val_0s:117/30 val_1s:183/270

Loss:  0.31 Accuracy:  0.625 Train 0s:  12 Train 1s: 20
#149/300 loss:0.24276595744680843 accuracy:0.7433333333333333 val_loss:0.362 val_accuracy:0.5066666666666667 val_0s:118/30 val_1s:182/270

Loss:  0.32 Accuracy:  0.5625 Train 0s:  16 Train 1s: 16
Validation loss did not improve
#150/300 loss:0.24585106382978733 accuracy:0.736 val_loss:0.376 val_accuracy:0.5033333333333333 val_0s:119/30 val_1s:181/270

Loss:  0.2 Accuracy:  0.71875 Train 0s:  11 Train 1s: 21
Validation loss did not improve
#151/300 loss:0.2496808510638298 accuracy:0.731 val_loss:0.38 val_accuracy:0.5 val_0s:120/30 val_1s:180/270

Loss:  0.26 Accuracy:  0.75 Train 0s:  13 Train 1s: 19
#152/300 loss:0.24680851063829778 accuracy:0.7413333333333333 val_loss:0.36499999999999994 val_accuracy:0.5066666666666667 val_0s:118/30 val_1s:182/270

Loss:  0.28 Accuracy:  0.6875 Train 0s:  17 Train 1s: 15
Validation loss did not improve
#153/300 loss:0.24595744680851053 accuracy:0.7313333333333333 val_loss:0.37299999999999994 val_accuracy:0.5 val_0s:120/30 val_1s:180/270

Loss:  0.16 Accuracy:  0.75 Train 0s:  9 Train 1s: 23
Validation loss did not improve
#154/300 loss:0.24414893617021277 accuracy:0.7413333333333333 val_loss:0.385 val_accuracy:0.51 val_0s:117/30 val_1s:183/270

Loss:  0.19 Accuracy:  0.6875 Train 0s:  10 Train 1s: 22
#155/300 loss:0.24531914893617024 accuracy:0.7403333333333333 val_loss:0.362 val_accuracy:0.5 val_0s:120/30 val_1s:180/270

Loss:  0.22 Accuracy:  0.6875 Train 0s:  17 Train 1s: 15
Validation loss did not improve
#156/300 loss:0.24563829787234046 accuracy:0.7306666666666667 val_loss:0.385 val_accuracy:0.5133333333333333 val_0s:116/30 val_1s:184/270

Loss:  0.22 Accuracy:  0.8125 Train 0s:  10 Train 1s: 22
#157/300 loss:0.24680851063829787 accuracy:0.7323333333333333 val_loss:0.371 val_accuracy:0.49333333333333335 val_0s:122/30 val_1s:178/270

Loss:  0.23 Accuracy:  0.71875 Train 0s:  13 Train 1s: 19
#158/300 loss:0.24659574468085113 accuracy:0.7333333333333333 val_loss:0.366 val_accuracy:0.49666666666666665 val_0s:121/30 val_1s:179/270

Loss:  0.24 Accuracy:  0.75 Train 0s:  14 Train 1s: 18
Validation loss did not improve
#159/300 loss:0.24531914893617035 accuracy:0.737 val_loss:0.393 val_accuracy:0.51 val_0s:117/30 val_1s:183/270

Loss:  0.27 Accuracy:  0.78125 Train 0s:  15 Train 1s: 17
#160/300 loss:0.2479787234042553 accuracy:0.736 val_loss:0.376 val_accuracy:0.5166666666666667 val_0s:115/30 val_1s:185/270

Loss:  0.25 Accuracy:  0.75 Train 0s:  15 Train 1s: 17
Validation loss did not improve
#161/300 loss:0.24829787234042558 accuracy:0.7306666666666667 val_loss:0.399 val_accuracy:0.5066666666666667 val_0s:118/30 val_1s:182/270

Loss:  0.31 Accuracy:  0.6875 Train 0s:  14 Train 1s: 18
#162/300 loss:0.24585106382978728 accuracy:0.7426666666666667 val_loss:0.386 val_accuracy:0.49666666666666665 val_0s:121/30 val_1s:179/270

Loss:  0.26 Accuracy:  0.6875 Train 0s:  12 Train 1s: 20
#163/300 loss:0.2476595744680852 accuracy:0.7323333333333333 val_loss:0.37899999999999995 val_accuracy:0.5033333333333333 val_0s:119/30 val_1s:181/270

Loss:  0.23 Accuracy:  0.78125 Train 0s:  11 Train 1s: 21
Validation loss did not improve
#164/300 loss:0.24361702127659582 accuracy:0.7523333333333333 val_loss:0.391 val_accuracy:0.49666666666666665 val_0s:121/30 val_1s:179/270

Loss:  0.36 Accuracy:  0.625 Train 0s:  13 Train 1s: 19
#165/300 loss:0.24574468085106377 accuracy:0.7343333333333333 val_loss:0.366 val_accuracy:0.5033333333333333 val_0s:119/30 val_1s:181/270

Loss:  0.28 Accuracy:  0.65625 Train 0s:  16 Train 1s: 16
Validation loss did not improve
#166/300 loss:0.24329787234042546 accuracy:0.7386666666666667 val_loss:0.37 val_accuracy:0.5033333333333333 val_0s:119/30 val_1s:181/270

Loss:  0.23 Accuracy:  0.84375 Train 0s:  13 Train 1s: 19
Validation loss did not improve
#167/300 loss:0.24851063829787245 accuracy:0.7296666666666667 val_loss:0.38899999999999996 val_accuracy:0.5033333333333333 val_0s:119/30 val_1s:181/270

Loss:  0.19 Accuracy:  0.78125 Train 0s:  9 Train 1s: 23
#168/300 loss:0.24319148936170212 accuracy:0.7466666666666667 val_loss:0.375 val_accuracy:0.5033333333333333 val_0s:119/30 val_1s:181/270

Loss:  0.25 Accuracy:  0.71875 Train 0s:  11 Train 1s: 21
#169/300 loss:0.24872340425531916 accuracy:0.7346666666666667 val_loss:0.36699999999999994 val_accuracy:0.51 val_0s:117/30 val_1s:183/270

Loss:  0.29 Accuracy:  0.78125 Train 0s:  17 Train 1s: 15
Validation loss did not improve
#170/300 loss:0.24489361702127665 accuracy:0.748 val_loss:0.36899999999999994 val_accuracy:0.5 val_0s:120/30 val_1s:180/270

Loss:  0.24 Accuracy:  0.6875 Train 0s:  14 Train 1s: 18
Validation loss did not improve
#171/300 loss:0.2482978723404255 accuracy:0.734 val_loss:0.376 val_accuracy:0.5066666666666667 val_0s:118/30 val_1s:182/270

Loss:  0.23 Accuracy:  0.8125 Train 0s:  6 Train 1s: 26
#172/300 loss:0.24382978723404258 accuracy:0.7486666666666667 val_loss:0.365 val_accuracy:0.5 val_0s:120/30 val_1s:180/270

Loss:  0.28 Accuracy:  0.75 Train 0s:  16 Train 1s: 16
Validation loss did not improve
#173/300 loss:0.24659574468085124 accuracy:0.735 val_loss:0.377 val_accuracy:0.51 val_0s:117/30 val_1s:183/270

Loss:  0.2 Accuracy:  0.75 Train 0s:  13 Train 1s: 19
#174/300 loss:0.24414893617021277 accuracy:0.7466666666666667 val_loss:0.37399999999999994 val_accuracy:0.5033333333333333 val_0s:119/30 val_1s:181/270

Loss:  0.23 Accuracy:  0.78125 Train 0s:  12 Train 1s: 20
Validation loss did not improve
#175/300 loss:0.24638297872340434 accuracy:0.735 val_loss:0.374 val_accuracy:0.5033333333333333 val_0s:119/30 val_1s:181/270

Loss:  0.23 Accuracy:  0.84375 Train 0s:  11 Train 1s: 21
#176/300 loss:0.2469148936170213 accuracy:0.7413333333333333 val_loss:0.36500000000000005 val_accuracy:0.5 val_0s:120/30 val_1s:180/270

Loss:  0.23 Accuracy:  0.6875 Train 0s:  16 Train 1s: 16
Validation loss did not improve
#177/300 loss:0.24489361702127665 accuracy:0.743 val_loss:0.376 val_accuracy:0.51 val_0s:117/30 val_1s:183/270

Loss:  0.25 Accuracy:  0.625 Train 0s:  12 Train 1s: 20
#178/300 loss:0.24957446808510647 accuracy:0.7266666666666667 val_loss:0.368 val_accuracy:0.49666666666666665 val_0s:121/30 val_1s:179/270

Loss:  0.29 Accuracy:  0.59375 Train 0s:  11 Train 1s: 21
Validation loss did not improve
#179/300 loss:0.2465957446808511 accuracy:0.7316666666666667 val_loss:0.37 val_accuracy:0.5133333333333333 val_0s:116/30 val_1s:184/270

Loss:  0.24 Accuracy:  0.75 Train 0s:  16 Train 1s: 16
Validation loss did not improve
#180/300 loss:0.24606382978723418 accuracy:0.7363333333333333 val_loss:0.385 val_accuracy:0.5033333333333333 val_0s:119/30 val_1s:181/270

Loss:  0.22 Accuracy:  0.75 Train 0s:  11 Train 1s: 21
#181/300 loss:0.24638297872340426 accuracy:0.736 val_loss:0.379 val_accuracy:0.5066666666666667 val_0s:118/30 val_1s:182/270

Loss:  0.3 Accuracy:  0.75 Train 0s:  9 Train 1s: 23
#182/300 loss:0.24659574468085094 accuracy:0.7386666666666667 val_loss:0.35300000000000004 val_accuracy:0.51 val_0s:117/30 val_1s:183/270

Loss:  0.23 Accuracy:  0.75 Train 0s:  12 Train 1s: 20
Validation loss did not improve
#183/300 loss:0.24436170212765956 accuracy:0.7323333333333333 val_loss:0.368 val_accuracy:0.5 val_0s:120/30 val_1s:180/270

Loss:  0.3 Accuracy:  0.75 Train 0s:  6 Train 1s: 26
Validation loss did not improve
#184/300 loss:0.24797872340425553 accuracy:0.7493333333333333 val_loss:0.379 val_accuracy:0.51 val_0s:117/30 val_1s:183/270

Loss:  0.24 Accuracy:  0.71875 Train 0s:  13 Train 1s: 19
Validation loss did not improve
#185/300 loss:0.24819148936170216 accuracy:0.739 val_loss:0.386 val_accuracy:0.49666666666666665 val_0s:121/30 val_1s:179/270

Loss:  0.2 Accuracy:  0.84375 Train 0s:  10 Train 1s: 22
#186/300 loss:0.24755319148936178 accuracy:0.739 val_loss:0.38 val_accuracy:0.5133333333333333 val_0s:116/30 val_1s:184/270

Loss:  0.26 Accuracy:  0.8125 Train 0s:  14 Train 1s: 18
#187/300 loss:0.24755319148936167 accuracy:0.736 val_loss:0.37 val_accuracy:0.51 val_0s:117/30 val_1s:183/270

Loss:  0.23 Accuracy:  0.75 Train 0s:  15 Train 1s: 17
Validation loss did not improve
#188/300 loss:0.2474468085106382 accuracy:0.74 val_loss:0.378 val_accuracy:0.5033333333333333 val_0s:119/30 val_1s:181/270

Loss:  0.29 Accuracy:  0.71875 Train 0s:  12 Train 1s: 20
Validation loss did not improve
#189/300 loss:0.24648936170212765 accuracy:0.7443333333333333 val_loss:0.384 val_accuracy:0.5133333333333333 val_0s:116/30 val_1s:184/270

Loss:  0.26 Accuracy:  0.6875 Train 0s:  12 Train 1s: 20
#190/300 loss:0.24638297872340426 accuracy:0.7443333333333333 val_loss:0.35700000000000004 val_accuracy:0.5066666666666667 val_0s:118/30 val_1s:182/270

Loss:  0.3 Accuracy:  0.65625 Train 0s:  14 Train 1s: 18
Validation loss did not improve
#191/300 loss:0.24670212765957455 accuracy:0.74 val_loss:0.38299999999999995 val_accuracy:0.49333333333333335 val_0s:122/30 val_1s:178/270

Loss:  0.32 Accuracy:  0.65625 Train 0s:  12 Train 1s: 20
#192/300 loss:0.24510638297872342 accuracy:0.7416666666666667 val_loss:0.349 val_accuracy:0.49666666666666665 val_0s:121/30 val_1s:179/270

Loss:  0.21 Accuracy:  0.65625 Train 0s:  14 Train 1s: 18
Validation loss did not improve
#193/300 loss:0.24446808510638302 accuracy:0.743 val_loss:0.364 val_accuracy:0.5166666666666667 val_0s:115/30 val_1s:185/270

Loss:  0.25 Accuracy:  0.75 Train 0s:  15 Train 1s: 17
Validation loss did not improve
#194/300 loss:0.24659574468085113 accuracy:0.7356666666666667 val_loss:0.37 val_accuracy:0.51 val_0s:117/30 val_1s:183/270

Loss:  0.23 Accuracy:  0.84375 Train 0s:  13 Train 1s: 19
Validation loss did not improve
#195/300 loss:0.2469148936170213 accuracy:0.7386666666666667 val_loss:0.376 val_accuracy:0.5066666666666667 val_0s:118/30 val_1s:182/270

Loss:  0.2 Accuracy:  0.6875 Train 0s:  10 Train 1s: 22
Validation loss did not improve
#196/300 loss:0.24606382978723396 accuracy:0.7346666666666667 val_loss:0.376 val_accuracy:0.49666666666666665 val_0s:121/30 val_1s:179/270

Loss:  0.26 Accuracy:  0.75 Train 0s:  11 Train 1s: 21
Validation loss did not improve
#197/300 loss:0.24914893617021264 accuracy:0.734 val_loss:0.384 val_accuracy:0.49666666666666665 val_0s:121/30 val_1s:179/270

Loss:  0.22 Accuracy:  0.71875 Train 0s:  14 Train 1s: 18
#198/300 loss:0.2509574468085106 accuracy:0.7346666666666667 val_loss:0.366 val_accuracy:0.5033333333333333 val_0s:119/30 val_1s:181/270

Loss:  0.22 Accuracy:  0.6875 Train 0s:  13 Train 1s: 19
Validation loss did not improve
#199/300 loss:0.2459574468085107 accuracy:0.7396666666666667 val_loss:0.376 val_accuracy:0.49666666666666665 val_0s:121/30 val_1s:179/270

Loss:  0.23 Accuracy:  0.75 Train 0s:  11 Train 1s: 21
#200/300 loss:0.24659574468085113 accuracy:0.7356666666666667 val_loss:0.3590000000000001 val_accuracy:0.49333333333333335 val_0s:122/30 val_1s:178/270

Loss:  0.25 Accuracy:  0.625 Train 0s:  12 Train 1s: 20
Validation loss did not improve
#201/300 loss:0.24712765957446814 accuracy:0.73 val_loss:0.383 val_accuracy:0.5066666666666667 val_0s:118/30 val_1s:182/270

Loss:  0.23 Accuracy:  0.78125 Train 0s:  12 Train 1s: 20
Validation loss did not improve
#202/300 loss:0.24244680851063832 accuracy:0.7436666666666667 val_loss:0.38699999999999996 val_accuracy:0.52 val_0s:114/30 val_1s:186/270

Loss:  0.25 Accuracy:  0.5625 Train 0s:  15 Train 1s: 17
#203/300 loss:0.24914893617021286 accuracy:0.728 val_loss:0.385 val_accuracy:0.5 val_0s:120/30 val_1s:180/270

Loss:  0.25 Accuracy:  0.625 Train 0s:  12 Train 1s: 20
#204/300 loss:0.2464893617021277 accuracy:0.74 val_loss:0.36300000000000004 val_accuracy:0.5 val_0s:120/30 val_1s:180/270

Loss:  0.25 Accuracy:  0.78125 Train 0s:  12 Train 1s: 20
Validation loss did not improve
#205/300 loss:0.24553191489361692 accuracy:0.7356666666666667 val_loss:0.37899999999999995 val_accuracy:0.49666666666666665 val_0s:121/30 val_1s:179/270

Loss:  0.21 Accuracy:  0.71875 Train 0s:  9 Train 1s: 23
#206/300 loss:0.25010638297872345 accuracy:0.7303333333333333 val_loss:0.374 val_accuracy:0.5 val_0s:120/30 val_1s:180/270

Loss:  0.21 Accuracy:  0.84375 Train 0s:  13 Train 1s: 19
#207/300 loss:0.24765957446808523 accuracy:0.738 val_loss:0.361 val_accuracy:0.49666666666666665 val_0s:121/30 val_1s:179/270

Loss:  0.23 Accuracy:  0.65625 Train 0s:  12 Train 1s: 20
Validation loss did not improve
#208/300 loss:0.2429787234042552 accuracy:0.7433333333333333 val_loss:0.372 val_accuracy:0.49666666666666665 val_0s:121/30 val_1s:179/270

Loss:  0.22 Accuracy:  0.84375 Train 0s:  14 Train 1s: 18
#209/300 loss:0.2459574468085107 accuracy:0.745 val_loss:0.36700000000000005 val_accuracy:0.5033333333333333 val_0s:119/30 val_1s:181/270

Loss:  0.25 Accuracy:  0.8125 Train 0s:  13 Train 1s: 19
Validation loss did not improve
#210/300 loss:0.2444680851063829 accuracy:0.7366666666666667 val_loss:0.374 val_accuracy:0.5066666666666667 val_0s:118/30 val_1s:182/270

Loss:  0.28 Accuracy:  0.71875 Train 0s:  16 Train 1s: 16
Validation loss did not improve
#211/300 loss:0.24712765957446806 accuracy:0.734 val_loss:0.385 val_accuracy:0.5033333333333333 val_0s:119/30 val_1s:181/270

Loss:  0.21 Accuracy:  0.75 Train 0s:  15 Train 1s: 17
#212/300 loss:0.24638297872340428 accuracy:0.7443333333333333 val_loss:0.369 val_accuracy:0.49666666666666665 val_0s:121/30 val_1s:179/270

Loss:  0.27 Accuracy:  0.6875 Train 0s:  11 Train 1s: 21
#213/300 loss:0.24734042553191493 accuracy:0.7356666666666667 val_loss:0.359 val_accuracy:0.49666666666666665 val_0s:121/30 val_1s:179/270

Loss:  0.23 Accuracy:  0.6875 Train 0s:  16 Train 1s: 16
Validation loss did not improve
#214/300 loss:0.2476595744680851 accuracy:0.7346666666666667 val_loss:0.368 val_accuracy:0.5066666666666667 val_0s:118/30 val_1s:182/270

Loss:  0.28 Accuracy:  0.75 Train 0s:  15 Train 1s: 17
Validation loss did not improve
#215/300 loss:0.24659574468085105 accuracy:0.732 val_loss:0.376 val_accuracy:0.5066666666666667 val_0s:118/30 val_1s:182/270

Loss:  0.29 Accuracy:  0.625 Train 0s:  14 Train 1s: 18
Validation loss did not improve
#216/300 loss:0.24329787234042557 accuracy:0.7423333333333333 val_loss:0.38499999999999995 val_accuracy:0.49666666666666665 val_0s:121/30 val_1s:179/270

Loss:  0.22 Accuracy:  0.625 Train 0s:  17 Train 1s: 15
#217/300 loss:0.24574468085106388 accuracy:0.7403333333333333 val_loss:0.37 val_accuracy:0.5 val_0s:120/30 val_1s:180/270

Loss:  0.18 Accuracy:  0.78125 Train 0s:  13 Train 1s: 19
#218/300 loss:0.244468085106383 accuracy:0.741 val_loss:0.364 val_accuracy:0.5066666666666667 val_0s:118/30 val_1s:182/270

Loss:  0.28 Accuracy:  0.65625 Train 0s:  16 Train 1s: 16
#219/300 loss:0.24585106382978722 accuracy:0.7453333333333333 val_loss:0.359 val_accuracy:0.5033333333333333 val_0s:119/30 val_1s:181/270

Loss:  0.27 Accuracy:  0.65625 Train 0s:  14 Train 1s: 18
Validation loss did not improve
#220/300 loss:0.24063829787234048 accuracy:0.744 val_loss:0.378 val_accuracy:0.52 val_0s:114/30 val_1s:186/270

Loss:  0.29 Accuracy:  0.71875 Train 0s:  10 Train 1s: 22
#221/300 loss:0.24489361702127663 accuracy:0.7416666666666667 val_loss:0.362 val_accuracy:0.5066666666666667 val_0s:118/30 val_1s:182/270

Loss:  0.23 Accuracy:  0.71875 Train 0s:  11 Train 1s: 21
Validation loss did not improve
#222/300 loss:0.24595744680851062 accuracy:0.7413333333333333 val_loss:0.37299999999999994 val_accuracy:0.5 val_0s:120/30 val_1s:180/270

Loss:  0.33 Accuracy:  0.75 Train 0s:  12 Train 1s: 20
Validation loss did not improve
#223/300 loss:0.24510638297872342 accuracy:0.7466666666666667 val_loss:0.391 val_accuracy:0.49666666666666665 val_0s:121/30 val_1s:179/270

Loss:  0.22 Accuracy:  0.8125 Train 0s:  13 Train 1s: 19
#224/300 loss:0.2454255319148937 accuracy:0.7406666666666667 val_loss:0.371 val_accuracy:0.49666666666666665 val_0s:121/30 val_1s:179/270

Loss:  0.2 Accuracy:  0.90625 Train 0s:  9 Train 1s: 23
Validation loss did not improve
#225/300 loss:0.2472340425531916 accuracy:0.735 val_loss:0.374 val_accuracy:0.5 val_0s:120/30 val_1s:180/270

Loss:  0.27 Accuracy:  0.71875 Train 0s:  12 Train 1s: 20
Validation loss did not improve
#226/300 loss:0.24627659574468083 accuracy:0.735 val_loss:0.39299999999999996 val_accuracy:0.51 val_0s:117/30 val_1s:183/270

Loss:  0.25 Accuracy:  0.8125 Train 0s:  15 Train 1s: 17
Validation loss did not improve
#227/300 loss:0.24627659574468075 accuracy:0.741 val_loss:0.394 val_accuracy:0.49333333333333335 val_0s:122/30 val_1s:178/270

Loss:  0.26 Accuracy:  0.875 Train 0s:  13 Train 1s: 19
#228/300 loss:0.2476595744680852 accuracy:0.737 val_loss:0.375 val_accuracy:0.5033333333333333 val_0s:119/30 val_1s:181/270

Loss:  0.25 Accuracy:  0.78125 Train 0s:  14 Train 1s: 18
Validation loss did not improve
#229/300 loss:0.2444680851063831 accuracy:0.7303333333333333 val_loss:0.376 val_accuracy:0.49333333333333335 val_0s:122/30 val_1s:178/270

Loss:  0.32 Accuracy:  0.53125 Train 0s:  11 Train 1s: 21
Validation loss did not improve
#230/300 loss:0.24595744680851073 accuracy:0.7396666666666667 val_loss:0.402 val_accuracy:0.5066666666666667 val_0s:118/30 val_1s:182/270

Loss:  0.27 Accuracy:  0.75 Train 0s:  15 Train 1s: 17
#231/300 loss:0.2506382978723405 accuracy:0.7333333333333333 val_loss:0.399 val_accuracy:0.5066666666666667 val_0s:118/30 val_1s:182/270

Loss:  0.37 Accuracy:  0.65625 Train 0s:  14 Train 1s: 18
#232/300 loss:0.24712765957446806 accuracy:0.7306666666666667 val_loss:0.375 val_accuracy:0.5066666666666667 val_0s:118/30 val_1s:182/270

Loss:  0.21 Accuracy:  0.8125 Train 0s:  10 Train 1s: 22
Validation loss did not improve
#233/300 loss:0.24457446808510644 accuracy:0.7426666666666667 val_loss:0.377 val_accuracy:0.5133333333333333 val_0s:116/30 val_1s:184/270

Loss:  0.27 Accuracy:  0.59375 Train 0s:  15 Train 1s: 17
Validation loss did not improve
#234/300 loss:0.24340425531914897 accuracy:0.746 val_loss:0.387 val_accuracy:0.49333333333333335 val_0s:122/30 val_1s:178/270

Loss:  0.23 Accuracy:  0.6875 Train 0s:  12 Train 1s: 20
Validation loss did not improve
#235/300 loss:0.24872340425531916 accuracy:0.726 val_loss:0.38999999999999996 val_accuracy:0.51 val_0s:117/30 val_1s:183/270

Loss:  0.21 Accuracy:  0.71875 Train 0s:  13 Train 1s: 19
#236/300 loss:0.24319148936170215 accuracy:0.7423333333333333 val_loss:0.361 val_accuracy:0.5066666666666667 val_0s:118/30 val_1s:182/270

Loss:  0.26 Accuracy:  0.75 Train 0s:  7 Train 1s: 25
Validation loss did not improve
#237/300 loss:0.2454255319148937 accuracy:0.7343333333333333 val_loss:0.38900000000000007 val_accuracy:0.49666666666666665 val_0s:121/30 val_1s:179/270

Loss:  0.24 Accuracy:  0.6875 Train 0s:  15 Train 1s: 17
#238/300 loss:0.247872340425532 accuracy:0.7316666666666667 val_loss:0.36500000000000005 val_accuracy:0.5 val_0s:120/30 val_1s:180/270

Loss:  0.19 Accuracy:  0.84375 Train 0s:  6 Train 1s: 26
Validation loss did not improve
#239/300 loss:0.24776595744680846 accuracy:0.734 val_loss:0.378 val_accuracy:0.49666666666666665 val_0s:121/30 val_1s:179/270

Loss:  0.25 Accuracy:  0.625 Train 0s:  13 Train 1s: 19
#240/300 loss:0.25010638297872345 accuracy:0.7263333333333334 val_loss:0.368 val_accuracy:0.5066666666666667 val_0s:118/30 val_1s:182/270

Loss:  0.31 Accuracy:  0.71875 Train 0s:  12 Train 1s: 20
Validation loss did not improve
#241/300 loss:0.24585106382978733 accuracy:0.7393333333333333 val_loss:0.369 val_accuracy:0.5033333333333333 val_0s:119/30 val_1s:181/270

Loss:  0.21 Accuracy:  0.625 Train 0s:  12 Train 1s: 20
#242/300 loss:0.24595744680851073 accuracy:0.7373333333333333 val_loss:0.352 val_accuracy:0.5033333333333333 val_0s:119/30 val_1s:181/270

Loss:  0.25 Accuracy:  0.8125 Train 0s:  10 Train 1s: 22
Validation loss did not improve
#243/300 loss:0.2456382978723404 accuracy:0.7353333333333333 val_loss:0.366 val_accuracy:0.5033333333333333 val_0s:119/30 val_1s:181/270

Loss:  0.21 Accuracy:  0.75 Train 0s:  9 Train 1s: 23
Validation loss did not improve
#244/300 loss:0.2447872340425532 accuracy:0.7463333333333333 val_loss:0.392 val_accuracy:0.5033333333333333 val_0s:119/30 val_1s:181/270

Loss:  0.24 Accuracy:  0.6875 Train 0s:  13 Train 1s: 19
#245/300 loss:0.2454255319148937 accuracy:0.734 val_loss:0.384 val_accuracy:0.5033333333333333 val_0s:119/30 val_1s:181/270

Loss:  0.28 Accuracy:  0.6875 Train 0s:  10 Train 1s: 22
#246/300 loss:0.24755319148936172 accuracy:0.7393333333333333 val_loss:0.361 val_accuracy:0.5033333333333333 val_0s:119/30 val_1s:181/270

Loss:  0.19 Accuracy:  0.71875 Train 0s:  9 Train 1s: 23
Validation loss did not improve
#247/300 loss:0.24351063829787228 accuracy:0.7356666666666667 val_loss:0.387 val_accuracy:0.5033333333333333 val_0s:119/30 val_1s:181/270

Loss:  0.24 Accuracy:  0.78125 Train 0s:  14 Train 1s: 18
#248/300 loss:0.24670212765957447 accuracy:0.735 val_loss:0.384 val_accuracy:0.5 val_0s:120/30 val_1s:180/270

Loss:  0.25 Accuracy:  0.875 Train 0s:  11 Train 1s: 21
Validation loss did not improve
#249/300 loss:0.2464893617021275 accuracy:0.735 val_loss:0.387 val_accuracy:0.5 val_0s:120/30 val_1s:180/270

Loss:  0.25 Accuracy:  0.6875 Train 0s:  12 Train 1s: 20
Validation loss did not improve
#250/300 loss:0.24723404255319148 accuracy:0.727 val_loss:0.387 val_accuracy:0.5 val_0s:120/30 val_1s:180/270

Loss:  0.26 Accuracy:  0.75 Train 0s:  11 Train 1s: 21
#251/300 loss:0.24499999999999997 accuracy:0.7386666666666667 val_loss:0.362 val_accuracy:0.5066666666666667 val_0s:118/30 val_1s:182/270

Loss:  0.27 Accuracy:  0.59375 Train 0s:  15 Train 1s: 17
Validation loss did not improve
#252/300 loss:0.24436170212765965 accuracy:0.7323333333333333 val_loss:0.382 val_accuracy:0.5066666666666667 val_0s:118/30 val_1s:182/270

Loss:  0.26 Accuracy:  0.78125 Train 0s:  15 Train 1s: 17
Validation loss did not improve
#253/300 loss:0.24659574468085105 accuracy:0.734 val_loss:0.384 val_accuracy:0.49333333333333335 val_0s:122/30 val_1s:178/270

Loss:  0.25 Accuracy:  0.8125 Train 0s:  14 Train 1s: 18
Validation loss did not improve
#254/300 loss:0.24457446808510633 accuracy:0.7353333333333333 val_loss:0.3909999999999999 val_accuracy:0.5066666666666667 val_0s:118/30 val_1s:182/270

Loss:  0.27 Accuracy:  0.75 Train 0s:  16 Train 1s: 16
#255/300 loss:0.2479787234042554 accuracy:0.7343333333333333 val_loss:0.366 val_accuracy:0.5133333333333333 val_0s:116/30 val_1s:184/270

Loss:  0.25 Accuracy:  0.75 Train 0s:  12 Train 1s: 20
Validation loss did not improve
#256/300 loss:0.24329787234042569 accuracy:0.7526666666666667 val_loss:0.39100000000000007 val_accuracy:0.49666666666666665 val_0s:121/30 val_1s:179/270

Loss:  0.29 Accuracy:  0.65625 Train 0s:  13 Train 1s: 19
#257/300 loss:0.24840425531914892 accuracy:0.7386666666666667 val_loss:0.38099999999999995 val_accuracy:0.5033333333333333 val_0s:119/30 val_1s:181/270

Loss:  0.27 Accuracy:  0.6875 Train 0s:  13 Train 1s: 19
#258/300 loss:0.24712765957446817 accuracy:0.7413333333333333 val_loss:0.378 val_accuracy:0.5033333333333333 val_0s:119/30 val_1s:181/270

Loss:  0.35 Accuracy:  0.625 Train 0s:  13 Train 1s: 19
Validation loss did not improve
#259/300 loss:0.24638297872340434 accuracy:0.738 val_loss:0.384 val_accuracy:0.49666666666666665 val_0s:121/30 val_1s:179/270

Loss:  0.21 Accuracy:  0.78125 Train 0s:  12 Train 1s: 20
#260/300 loss:0.2482978723404254 accuracy:0.727 val_loss:0.36 val_accuracy:0.5 val_0s:120/30 val_1s:180/270

Loss:  0.21 Accuracy:  0.78125 Train 0s:  12 Train 1s: 20
Validation loss did not improve
#261/300 loss:0.24808510638297876 accuracy:0.7256666666666667 val_loss:0.37 val_accuracy:0.5 val_0s:120/30 val_1s:180/270

Loss:  0.28 Accuracy:  0.65625 Train 0s:  17 Train 1s: 15
#262/300 loss:0.2472340425531915 accuracy:0.7323333333333333 val_loss:0.361 val_accuracy:0.5066666666666667 val_0s:118/30 val_1s:182/270

Loss:  0.22 Accuracy:  0.75 Train 0s:  11 Train 1s: 21
#263/300 loss:0.24734042553191482 accuracy:0.738 val_loss:0.354 val_accuracy:0.51 val_0s:117/30 val_1s:183/270

Loss:  0.26 Accuracy:  0.8125 Train 0s:  14 Train 1s: 18
Validation loss did not improve
#264/300 loss:0.24414893617021283 accuracy:0.7366666666666667 val_loss:0.36700000000000005 val_accuracy:0.5033333333333333 val_0s:119/30 val_1s:181/270

Loss:  0.31 Accuracy:  0.75 Train 0s:  12 Train 1s: 20
#265/300 loss:0.2469148936170213 accuracy:0.7356666666666667 val_loss:0.35700000000000004 val_accuracy:0.5066666666666667 val_0s:118/30 val_1s:182/270

Loss:  0.3 Accuracy:  0.6875 Train 0s:  11 Train 1s: 21
Validation loss did not improve
#266/300 loss:0.24510638297872336 accuracy:0.742 val_loss:0.387 val_accuracy:0.5133333333333333 val_0s:116/30 val_1s:184/270

Loss:  0.23 Accuracy:  0.6875 Train 0s:  9 Train 1s: 23
#267/300 loss:0.24989361702127658 accuracy:0.7333333333333333 val_loss:0.382 val_accuracy:0.49666666666666665 val_0s:121/30 val_1s:179/270

Loss:  0.33 Accuracy:  0.6875 Train 0s:  15 Train 1s: 17
#268/300 loss:0.2449999999999999 accuracy:0.741 val_loss:0.38 val_accuracy:0.5066666666666667 val_0s:118/30 val_1s:182/270

Loss:  0.22 Accuracy:  0.625 Train 0s:  14 Train 1s: 18
Validation loss did not improve
#269/300 loss:0.24723404255319148 accuracy:0.7333333333333333 val_loss:0.40700000000000003 val_accuracy:0.5033333333333333 val_0s:119/30 val_1s:181/270

Loss:  0.33 Accuracy:  0.625 Train 0s:  9 Train 1s: 23
#270/300 loss:0.24468085106382972 accuracy:0.7376666666666667 val_loss:0.388 val_accuracy:0.5033333333333333 val_0s:119/30 val_1s:181/270

Loss:  0.26 Accuracy:  0.6875 Train 0s:  16 Train 1s: 16
#271/300 loss:0.2468085106382979 accuracy:0.7346666666666667 val_loss:0.384 val_accuracy:0.5066666666666667 val_0s:118/30 val_1s:182/270

Loss:  0.34 Accuracy:  0.5625 Train 0s:  13 Train 1s: 19
#272/300 loss:0.24574468085106388 accuracy:0.7426666666666667 val_loss:0.363 val_accuracy:0.5 val_0s:120/30 val_1s:180/270

Loss:  0.25 Accuracy:  0.65625 Train 0s:  11 Train 1s: 21
Validation loss did not improve
#273/300 loss:0.24776595744680846 accuracy:0.7366666666666667 val_loss:0.38100000000000006 val_accuracy:0.49666666666666665 val_0s:121/30 val_1s:179/270

Loss:  0.27 Accuracy:  0.6875 Train 0s:  10 Train 1s: 22
#274/300 loss:0.24702127659574472 accuracy:0.7406666666666667 val_loss:0.376 val_accuracy:0.5 val_0s:120/30 val_1s:180/270

Loss:  0.25 Accuracy:  0.71875 Train 0s:  11 Train 1s: 21
Validation loss did not improve
#275/300 loss:0.24765957446808504 accuracy:0.7353333333333333 val_loss:0.38 val_accuracy:0.5066666666666667 val_0s:118/30 val_1s:182/270

Loss:  0.34 Accuracy:  0.625 Train 0s:  9 Train 1s: 23
#276/300 loss:0.24638297872340423 accuracy:0.7403333333333333 val_loss:0.36799999999999994 val_accuracy:0.5033333333333333 val_0s:119/30 val_1s:181/270

Loss:  0.3 Accuracy:  0.75 Train 0s:  15 Train 1s: 17
Validation loss did not improve
#277/300 loss:0.24914893617021278 accuracy:0.728 val_loss:0.38100000000000006 val_accuracy:0.49666666666666665 val_0s:121/30 val_1s:179/270

Loss:  0.25 Accuracy:  0.71875 Train 0s:  15 Train 1s: 17
#278/300 loss:0.24585106382978716 accuracy:0.7396666666666667 val_loss:0.376 val_accuracy:0.5033333333333333 val_0s:119/30 val_1s:181/270

Loss:  0.21 Accuracy:  0.75 Train 0s:  9 Train 1s: 23
Validation loss did not improve
#279/300 loss:0.2427659574468085 accuracy:0.755 val_loss:0.382 val_accuracy:0.5033333333333333 val_0s:119/30 val_1s:181/270

Loss:  0.25 Accuracy:  0.6875 Train 0s:  16 Train 1s: 16
Validation loss did not improve
#280/300 loss:0.24627659574468083 accuracy:0.7343333333333333 val_loss:0.3870000000000001 val_accuracy:0.49333333333333335 val_0s:122/30 val_1s:178/270

Loss:  0.27 Accuracy:  0.84375 Train 0s:  15 Train 1s: 17
#281/300 loss:0.24191489361702126 accuracy:0.7406666666666667 val_loss:0.369 val_accuracy:0.5166666666666667 val_0s:115/30 val_1s:185/270

Loss:  0.23 Accuracy:  0.8125 Train 0s:  10 Train 1s: 22
#282/300 loss:0.24787234042553188 accuracy:0.7413333333333333 val_loss:0.367 val_accuracy:0.49333333333333335 val_0s:122/30 val_1s:178/270

Loss:  0.19 Accuracy:  0.71875 Train 0s:  11 Train 1s: 21
Validation loss did not improve
#283/300 loss:0.24255319148936166 accuracy:0.7453333333333333 val_loss:0.387 val_accuracy:0.5066666666666667 val_0s:118/30 val_1s:182/270

Loss:  0.19 Accuracy:  0.875 Train 0s:  9 Train 1s: 23
#284/300 loss:0.24712765957446797 accuracy:0.7343333333333333 val_loss:0.386 val_accuracy:0.5 val_0s:120/30 val_1s:180/270

Loss:  0.22 Accuracy:  0.8125 Train 0s:  13 Train 1s: 19
#285/300 loss:0.24648936170212776 accuracy:0.7316666666666667 val_loss:0.36300000000000004 val_accuracy:0.51 val_0s:117/30 val_1s:183/270

Loss:  0.2 Accuracy:  0.75 Train 0s:  12 Train 1s: 20
Validation loss did not improve
#286/300 loss:0.24159574468085124 accuracy:0.7496666666666667 val_loss:0.382 val_accuracy:0.49666666666666665 val_0s:121/30 val_1s:179/270

Loss:  0.22 Accuracy:  0.71875 Train 0s:  17 Train 1s: 15
#287/300 loss:0.2493617021276595 accuracy:0.7243333333333334 val_loss:0.37100000000000005 val_accuracy:0.49666666666666665 val_0s:121/30 val_1s:179/270

Loss:  0.22 Accuracy:  0.65625 Train 0s:  15 Train 1s: 17
#288/300 loss:0.24521276595744682 accuracy:0.745 val_loss:0.34199999999999997 val_accuracy:0.5133333333333333 val_0s:116/30 val_1s:184/270

Loss:  0.28 Accuracy:  0.71875 Train 0s:  11 Train 1s: 21
Validation loss did not improve
#289/300 loss:0.24617021276595746 accuracy:0.7316666666666667 val_loss:0.387 val_accuracy:0.5 val_0s:120/30 val_1s:180/270

Loss:  0.2 Accuracy:  0.8125 Train 0s:  11 Train 1s: 21
#290/300 loss:0.24617021276595746 accuracy:0.74 val_loss:0.35500000000000004 val_accuracy:0.49333333333333335 val_0s:122/30 val_1s:178/270

Loss:  0.22 Accuracy:  0.90625 Train 0s:  11 Train 1s: 21
Validation loss did not improve
#291/300 loss:0.2469148936170213 accuracy:0.741 val_loss:0.364 val_accuracy:0.49666666666666665 val_0s:121/30 val_1s:179/270

Loss:  0.31 Accuracy:  0.71875 Train 0s:  12 Train 1s: 20
#292/300 loss:0.2469148936170213 accuracy:0.7396666666666667 val_loss:0.363 val_accuracy:0.49666666666666665 val_0s:121/30 val_1s:179/270

Loss:  0.26 Accuracy:  0.78125 Train 0s:  14 Train 1s: 18
Validation loss did not improve
#293/300 loss:0.2461702127659574 accuracy:0.733 val_loss:0.3950000000000001 val_accuracy:0.49666666666666665 val_0s:121/30 val_1s:179/270

Loss:  0.29 Accuracy:  0.75 Train 0s:  14 Train 1s: 18
#294/300 loss:0.248936170212766 accuracy:0.7386666666666667 val_loss:0.375 val_accuracy:0.49666666666666665 val_0s:121/30 val_1s:179/270

Loss:  0.25 Accuracy:  0.8125 Train 0s:  14 Train 1s: 18
#295/300 loss:0.24702127659574463 accuracy:0.7403333333333333 val_loss:0.372 val_accuracy:0.49333333333333335 val_0s:122/30 val_1s:178/270

Loss:  0.24 Accuracy:  0.875 Train 0s:  11 Train 1s: 21
#296/300 loss:0.24670212765957453 accuracy:0.7366666666666667 val_loss:0.36400000000000005 val_accuracy:0.5033333333333333 val_0s:119/30 val_1s:181/270

Loss:  0.23 Accuracy:  0.8125 Train 0s:  10 Train 1s: 22
Validation loss did not improve
#297/300 loss:0.2454255319148936 accuracy:0.7366666666666667 val_loss:0.384 val_accuracy:0.5133333333333333 val_0s:116/30 val_1s:184/270

Loss:  0.33 Accuracy:  0.65625 Train 0s:  16 Train 1s: 16
#298/300 loss:0.24712765957446808 accuracy:0.7376666666666667 val_loss:0.36900000000000005 val_accuracy:0.5066666666666667 val_0s:118/30 val_1s:182/270

Loss:  0.26 Accuracy:  0.71875 Train 0s:  10 Train 1s: 22
Validation loss did not improve
#299/300 loss:0.24638297872340428 accuracy:0.7356666666666667 val_loss:0.384 val_accuracy:0.5 val_0s:120/30 val_1s:180/270

Loss:  0.2 Accuracy:  0.75 Train 0s:  13 Train 1s: 19
#300/300 loss:0.24489361702127663 accuracy:0.7373333333333333 val_loss:0.36700000000000005 val_accuracy:0.5 val_0s:120/30 val_1s:180/270
