Namespace(num_epochs=300, workers=56, resume='', dataset='DFDC', max_train_videos=100, max_val_videos=10, config='/global/cfs/projectdirs/m3641/Akaash/deepfake-detection/models/vit/efficient-vit/configs/architecture.yaml', efficient_net=0)
EfficientNet B0 with ViT
Loaded pretrained weights for efficientnet-b0
No checkpoint loaded.
Model Parameters: 109447781
Train size: 0.8
Val size: 0.1
Test size: 0.1
Extracting frames from videos...
Frames extracted.
339
37
  0%|          | 0/110 [00:00<?, ?it/s]  1%|          | 1/110 [00:19<36:03, 19.85s/it]100%|██████████| 110/110 [00:19<00:00,  5.54it/s]
Train images: 3000 Validation images: 300
__TRAINING STATS__
Counter({1.0: 1500, 0.0: 1500})
Weights 1.0
__VALIDATION STATS__
Counter({1.0: 150, 0.0: 150})
___________________
(1080, 1920, 3)
Beginning training...

Loss:  0.69 Accuracy:  0.53125 Train 0s:  21 Train 1s: 11
#0/300 loss:0.6994680851063831 accuracy:0.499 val_loss:0.6889999999999998 val_accuracy:0.55 val_0s:87/150 val_1s:213/150

Loss:  0.69 Accuracy:  0.5625 Train 0s:  10 Train 1s: 22
#1/300 loss:0.6835106382978722 accuracy:0.5566666666666666 val_loss:0.683 val_accuracy:0.5466666666666666 val_0s:94/150 val_1s:206/150

Loss:  0.74 Accuracy:  0.25 Train 0s:  12 Train 1s: 20
#2/300 loss:0.6803191489361701 accuracy:0.573 val_loss:0.6659999999999999 val_accuracy:0.66 val_0s:172/150 val_1s:128/150

Loss:  0.68 Accuracy:  0.5 Train 0s:  20 Train 1s: 12
Validation loss did not improve
#3/300 loss:0.6689361702127659 accuracy:0.593 val_loss:0.673 val_accuracy:0.6033333333333334 val_0s:113/150 val_1s:187/150

Loss:  0.64 Accuracy:  0.6875 Train 0s:  9 Train 1s: 23
#4/300 loss:0.6552127659574466 accuracy:0.642 val_loss:0.667 val_accuracy:0.6066666666666667 val_0s:134/150 val_1s:166/150

Loss:  0.64 Accuracy:  0.59375 Train 0s:  19 Train 1s: 13
#5/300 loss:0.6380851063829787 accuracy:0.662 val_loss:0.65 val_accuracy:0.67 val_0s:191/150 val_1s:109/150

Loss:  0.61 Accuracy:  0.65625 Train 0s:  22 Train 1s: 10
#6/300 loss:0.6314893617021275 accuracy:0.6746666666666666 val_loss:0.638 val_accuracy:0.65 val_0s:157/150 val_1s:143/150

Loss:  0.67 Accuracy:  0.59375 Train 0s:  14 Train 1s: 18
#7/300 loss:0.6084042553191489 accuracy:0.6953333333333334 val_loss:0.6199999999999999 val_accuracy:0.66 val_0s:168/150 val_1s:132/150

Loss:  0.64 Accuracy:  0.5625 Train 0s:  19 Train 1s: 13
Validation loss did not improve
#8/300 loss:0.5854255319148933 accuracy:0.7136666666666667 val_loss:0.63 val_accuracy:0.67 val_0s:175/150 val_1s:125/150

Loss:  0.59 Accuracy:  0.75 Train 0s:  17 Train 1s: 15
#9/300 loss:0.5631914893617022 accuracy:0.7376666666666667 val_loss:0.601 val_accuracy:0.6566666666666666 val_0s:169/150 val_1s:131/150

Loss:  0.62 Accuracy:  0.65625 Train 0s:  9 Train 1s: 23
Validation loss did not improve
#10/300 loss:0.5338297872340428 accuracy:0.7503333333333333 val_loss:0.629 val_accuracy:0.6833333333333333 val_0s:183/150 val_1s:117/150

Loss:  0.47 Accuracy:  0.8125 Train 0s:  19 Train 1s: 13
#11/300 loss:0.515851063829787 accuracy:0.7613333333333333 val_loss:0.616 val_accuracy:0.74 val_0s:200/150 val_1s:100/150

Loss:  0.48 Accuracy:  0.8125 Train 0s:  15 Train 1s: 17
#12/300 loss:0.4935106382978723 accuracy:0.772 val_loss:0.599 val_accuracy:0.71 val_0s:195/150 val_1s:105/150

Loss:  0.43 Accuracy:  0.84375 Train 0s:  15 Train 1s: 17
Validation loss did not improve
#13/300 loss:0.47829787234042553 accuracy:0.777 val_loss:0.6060000000000001 val_accuracy:0.68 val_0s:194/150 val_1s:106/150

Loss:  0.37 Accuracy:  0.875 Train 0s:  13 Train 1s: 19
#14/300 loss:0.4730851063829786 accuracy:0.77 val_loss:0.593 val_accuracy:0.67 val_0s:189/150 val_1s:111/150

Loss:  0.56 Accuracy:  0.6875 Train 0s:  24 Train 1s: 8
Validation loss did not improve
#15/300 loss:0.4561702127659574 accuracy:0.7806666666666666 val_loss:0.5980000000000001 val_accuracy:0.6833333333333333 val_0s:197/150 val_1s:103/150

Loss:  0.42 Accuracy:  0.84375 Train 0s:  16 Train 1s: 16
#16/300 loss:0.449787234042553 accuracy:0.7863333333333333 val_loss:0.585 val_accuracy:0.7166666666666667 val_0s:205/150 val_1s:95/150

Loss:  0.67 Accuracy:  0.65625 Train 0s:  16 Train 1s: 16
#17/300 loss:0.4575531914893615 accuracy:0.782 val_loss:0.5640000000000002 val_accuracy:0.69 val_0s:195/150 val_1s:105/150

Loss:  0.43 Accuracy:  0.8125 Train 0s:  16 Train 1s: 16
Validation loss did not improve
#18/300 loss:0.4477659574468084 accuracy:0.782 val_loss:0.602 val_accuracy:0.6966666666666667 val_0s:195/150 val_1s:105/150

Loss:  0.53 Accuracy:  0.625 Train 0s:  19 Train 1s: 13
Validation loss did not improve
#19/300 loss:0.4458510638297873 accuracy:0.7813333333333333 val_loss:0.603 val_accuracy:0.7066666666666667 val_0s:206/150 val_1s:94/150

Loss:  0.42 Accuracy:  0.84375 Train 0s:  16 Train 1s: 16
#20/300 loss:0.4348936170212765 accuracy:0.7973333333333333 val_loss:0.59 val_accuracy:0.6833333333333333 val_0s:205/150 val_1s:95/150

Loss:  0.57 Accuracy:  0.625 Train 0s:  16 Train 1s: 16
#21/300 loss:0.44000000000000017 accuracy:0.7993333333333333 val_loss:0.562 val_accuracy:0.69 val_0s:201/150 val_1s:99/150

Loss:  0.5 Accuracy:  0.6875 Train 0s:  14 Train 1s: 18
#22/300 loss:0.44744680851063817 accuracy:0.789 val_loss:0.561 val_accuracy:0.7066666666666667 val_0s:204/150 val_1s:96/150

Loss:  0.41 Accuracy:  0.84375 Train 0s:  13 Train 1s: 19
Validation loss did not improve
#23/300 loss:0.4346808510638299 accuracy:0.7816666666666666 val_loss:0.578 val_accuracy:0.72 val_0s:200/150 val_1s:100/150

Loss:  0.31 Accuracy:  0.90625 Train 0s:  16 Train 1s: 16
Validation loss did not improve
#24/300 loss:0.4326595744680852 accuracy:0.79 val_loss:0.5940000000000001 val_accuracy:0.7166666666666667 val_0s:207/150 val_1s:93/150

Loss:  0.46 Accuracy:  0.8125 Train 0s:  16 Train 1s: 16
#25/300 loss:0.4401063829787233 accuracy:0.7883333333333333 val_loss:0.589 val_accuracy:0.6966666666666667 val_0s:199/150 val_1s:101/150

Loss:  0.47 Accuracy:  0.8125 Train 0s:  12 Train 1s: 20
#26/300 loss:0.43170212765957444 accuracy:0.7896666666666666 val_loss:0.583 val_accuracy:0.69 val_0s:191/150 val_1s:109/150

Loss:  0.4 Accuracy:  0.75 Train 0s:  17 Train 1s: 15
Validation loss did not improve
#27/300 loss:0.4444680851063827 accuracy:0.789 val_loss:0.5960000000000001 val_accuracy:0.7166666666666667 val_0s:203/150 val_1s:97/150

Loss:  0.54 Accuracy:  0.6875 Train 0s:  17 Train 1s: 15
Validation loss did not improve
#28/300 loss:0.43308510638297876 accuracy:0.7933333333333333 val_loss:0.635 val_accuracy:0.6966666666666667 val_0s:203/150 val_1s:97/150

Loss:  0.56 Accuracy:  0.6875 Train 0s:  20 Train 1s: 12
#29/300 loss:0.42297872340425535 accuracy:0.8063333333333333 val_loss:0.599 val_accuracy:0.69 val_0s:207/150 val_1s:93/150

Loss:  0.36 Accuracy:  0.84375 Train 0s:  20 Train 1s: 12
#30/300 loss:0.42989361702127654 accuracy:0.794 val_loss:0.5820000000000001 val_accuracy:0.7233333333333334 val_0s:207/150 val_1s:93/150

Loss:  0.31 Accuracy:  0.875 Train 0s:  16 Train 1s: 16
Validation loss did not improve
#31/300 loss:0.43085106382978716 accuracy:0.79 val_loss:0.626 val_accuracy:0.6833333333333333 val_0s:197/150 val_1s:103/150

Loss:  0.26 Accuracy:  0.96875 Train 0s:  20 Train 1s: 12
#32/300 loss:0.4314893617021278 accuracy:0.7893333333333333 val_loss:0.592 val_accuracy:0.7333333333333333 val_0s:204/150 val_1s:96/150

Loss:  0.39 Accuracy:  0.84375 Train 0s:  16 Train 1s: 16
#33/300 loss:0.43191489361702134 accuracy:0.7943333333333333 val_loss:0.5700000000000001 val_accuracy:0.7266666666666667 val_0s:200/150 val_1s:100/150

Loss:  0.39 Accuracy:  0.90625 Train 0s:  15 Train 1s: 17
Validation loss did not improve
#34/300 loss:0.42531914893617034 accuracy:0.802 val_loss:0.5920000000000001 val_accuracy:0.71 val_0s:205/150 val_1s:95/150

Loss:  0.53 Accuracy:  0.65625 Train 0s:  13 Train 1s: 19
#35/300 loss:0.41787234042553195 accuracy:0.8023333333333333 val_loss:0.586 val_accuracy:0.71 val_0s:203/150 val_1s:97/150

Loss:  0.42 Accuracy:  0.8125 Train 0s:  14 Train 1s: 18
Validation loss did not improve
#36/300 loss:0.43212765957446814 accuracy:0.7916666666666666 val_loss:0.603 val_accuracy:0.6966666666666667 val_0s:199/150 val_1s:101/150

Loss:  0.44 Accuracy:  0.78125 Train 0s:  18 Train 1s: 14
#37/300 loss:0.42627659574468063 accuracy:0.8026666666666666 val_loss:0.571 val_accuracy:0.7233333333333334 val_0s:209/150 val_1s:91/150

Loss:  0.49 Accuracy:  0.6875 Train 0s:  16 Train 1s: 16
Validation loss did not improve
#38/300 loss:0.4305319148936171 accuracy:0.793 val_loss:0.5790000000000001 val_accuracy:0.71 val_0s:203/150 val_1s:97/150

Loss:  0.46 Accuracy:  0.78125 Train 0s:  15 Train 1s: 17
Validation loss did not improve
#39/300 loss:0.4261702127659574 accuracy:0.806 val_loss:0.62 val_accuracy:0.71 val_0s:197/150 val_1s:103/150

Loss:  0.44 Accuracy:  0.8125 Train 0s:  14 Train 1s: 18
#40/300 loss:0.4276595744680852 accuracy:0.7966666666666666 val_loss:0.583 val_accuracy:0.6866666666666666 val_0s:202/150 val_1s:98/150

Loss:  0.46 Accuracy:  0.75 Train 0s:  14 Train 1s: 18
Validation loss did not improve
#41/300 loss:0.4223404255319149 accuracy:0.8016666666666666 val_loss:0.583 val_accuracy:0.7266666666666667 val_0s:202/150 val_1s:98/150

Loss:  0.53 Accuracy:  0.75 Train 0s:  22 Train 1s: 10
Validation loss did not improve
#42/300 loss:0.42702127659574474 accuracy:0.7936666666666666 val_loss:0.631 val_accuracy:0.6933333333333334 val_0s:202/150 val_1s:98/150

Loss:  0.42 Accuracy:  0.8125 Train 0s:  10 Train 1s: 22
#43/300 loss:0.4254255319148936 accuracy:0.791 val_loss:0.536 val_accuracy:0.7366666666666667 val_0s:207/150 val_1s:93/150

Loss:  0.45 Accuracy:  0.8125 Train 0s:  15 Train 1s: 17
Validation loss did not improve
#44/300 loss:0.43351063829787234 accuracy:0.7883333333333333 val_loss:0.617 val_accuracy:0.7 val_0s:196/150 val_1s:104/150

Loss:  0.43 Accuracy:  0.78125 Train 0s:  14 Train 1s: 18
#45/300 loss:0.4246808510638298 accuracy:0.795 val_loss:0.606 val_accuracy:0.6633333333333333 val_0s:197/150 val_1s:103/150

Loss:  0.38 Accuracy:  0.75 Train 0s:  15 Train 1s: 17
#46/300 loss:0.4185106382978724 accuracy:0.808 val_loss:0.595 val_accuracy:0.6833333333333333 val_0s:201/150 val_1s:99/150

Loss:  0.29 Accuracy:  0.90625 Train 0s:  16 Train 1s: 16
Validation loss did not improve
#47/300 loss:0.42585106382978694 accuracy:0.7996666666666666 val_loss:0.596 val_accuracy:0.7033333333333334 val_0s:199/150 val_1s:101/150

Loss:  0.45 Accuracy:  0.8125 Train 0s:  16 Train 1s: 16
#48/300 loss:0.42499999999999993 accuracy:0.8046666666666666 val_loss:0.5800000000000001 val_accuracy:0.7133333333333334 val_0s:198/150 val_1s:102/150

Loss:  0.39 Accuracy:  0.875 Train 0s:  14 Train 1s: 18
#49/300 loss:0.4319148936170213 accuracy:0.793 val_loss:0.5770000000000001 val_accuracy:0.7166666666666667 val_0s:205/150 val_1s:95/150

Loss:  0.48 Accuracy:  0.78125 Train 0s:  16 Train 1s: 16
#50/300 loss:0.4297872340425531 accuracy:0.7933333333333333 val_loss:0.5660000000000001 val_accuracy:0.71 val_0s:205/150 val_1s:95/150

Loss:  0.38 Accuracy:  0.875 Train 0s:  18 Train 1s: 14
Validation loss did not improve
#51/300 loss:0.42680851063829794 accuracy:0.801 val_loss:0.593 val_accuracy:0.71 val_0s:203/150 val_1s:97/150

Loss:  0.47 Accuracy:  0.75 Train 0s:  18 Train 1s: 14
Validation loss did not improve
#52/300 loss:0.4274468085106384 accuracy:0.7976666666666666 val_loss:0.5999999999999999 val_accuracy:0.7033333333333334 val_0s:211/150 val_1s:89/150

Loss:  0.34 Accuracy:  0.875 Train 0s:  14 Train 1s: 18
#53/300 loss:0.43563829787234054 accuracy:0.793 val_loss:0.592 val_accuracy:0.6966666666666667 val_0s:201/150 val_1s:99/150

Loss:  0.4 Accuracy:  0.875 Train 0s:  13 Train 1s: 19
#54/300 loss:0.4248936170212765 accuracy:0.7983333333333333 val_loss:0.591 val_accuracy:0.7033333333333334 val_0s:209/150 val_1s:91/150

Loss:  0.43 Accuracy:  0.8125 Train 0s:  19 Train 1s: 13
Validation loss did not improve
#55/300 loss:0.42499999999999993 accuracy:0.799 val_loss:0.6100000000000001 val_accuracy:0.7 val_0s:204/150 val_1s:96/150

Loss:  0.43 Accuracy:  0.8125 Train 0s:  19 Train 1s: 13
#56/300 loss:0.4192553191489362 accuracy:0.804 val_loss:0.594 val_accuracy:0.6966666666666667 val_0s:205/150 val_1s:95/150

Loss:  0.44 Accuracy:  0.78125 Train 0s:  13 Train 1s: 19
#57/300 loss:0.43063829787234054 accuracy:0.793 val_loss:0.588 val_accuracy:0.7366666666666667 val_0s:205/150 val_1s:95/150

Loss:  0.52 Accuracy:  0.75 Train 0s:  12 Train 1s: 20
Validation loss did not improve
#58/300 loss:0.4272340425531915 accuracy:0.7976666666666666 val_loss:0.5930000000000001 val_accuracy:0.71 val_0s:201/150 val_1s:99/150

Loss:  0.37 Accuracy:  0.84375 Train 0s:  17 Train 1s: 15
Validation loss did not improve
#59/300 loss:0.426276595744681 accuracy:0.7913333333333333 val_loss:0.6219999999999999 val_accuracy:0.68 val_0s:204/150 val_1s:96/150

Loss:  0.48 Accuracy:  0.71875 Train 0s:  21 Train 1s: 11
#60/300 loss:0.42468085106382963 accuracy:0.7963333333333333 val_loss:0.591 val_accuracy:0.6866666666666666 val_0s:204/150 val_1s:96/150

Loss:  0.66 Accuracy:  0.71875 Train 0s:  16 Train 1s: 16
Validation loss did not improve
#61/300 loss:0.4340425531914893 accuracy:0.7903333333333333 val_loss:0.6060000000000001 val_accuracy:0.6833333333333333 val_0s:201/150 val_1s:99/150

Loss:  0.56 Accuracy:  0.65625 Train 0s:  12 Train 1s: 20
#62/300 loss:0.42787234042553196 accuracy:0.8006666666666666 val_loss:0.604 val_accuracy:0.71 val_0s:203/150 val_1s:97/150

Loss:  0.45 Accuracy:  0.75 Train 0s:  15 Train 1s: 17
#63/300 loss:0.42425531914893605 accuracy:0.7963333333333333 val_loss:0.596 val_accuracy:0.7033333333333334 val_0s:201/150 val_1s:99/150

Loss:  0.58 Accuracy:  0.65625 Train 0s:  12 Train 1s: 20
#64/300 loss:0.42085106382978743 accuracy:0.803 val_loss:0.58 val_accuracy:0.68 val_0s:206/150 val_1s:94/150

Loss:  0.47 Accuracy:  0.75 Train 0s:  16 Train 1s: 16
Validation loss did not improve
#65/300 loss:0.43063829787234026 accuracy:0.795 val_loss:0.599 val_accuracy:0.6833333333333333 val_0s:209/150 val_1s:91/150

Loss:  0.48 Accuracy:  0.78125 Train 0s:  18 Train 1s: 14
#66/300 loss:0.42585106382978727 accuracy:0.8046666666666666 val_loss:0.583 val_accuracy:0.71 val_0s:207/150 val_1s:93/150

Loss:  0.42 Accuracy:  0.8125 Train 0s:  16 Train 1s: 16
Validation loss did not improve
#67/300 loss:0.4249999999999997 accuracy:0.8023333333333333 val_loss:0.6080000000000001 val_accuracy:0.7033333333333334 val_0s:199/150 val_1s:101/150

Loss:  0.39 Accuracy:  0.84375 Train 0s:  15 Train 1s: 17
#68/300 loss:0.42329787234042554 accuracy:0.7946666666666666 val_loss:0.593 val_accuracy:0.7066666666666667 val_0s:198/150 val_1s:102/150

Loss:  0.52 Accuracy:  0.71875 Train 0s:  16 Train 1s: 16
#69/300 loss:0.4217021276595745 accuracy:0.8026666666666666 val_loss:0.584 val_accuracy:0.7 val_0s:204/150 val_1s:96/150

Loss:  0.25 Accuracy:  0.90625 Train 0s:  16 Train 1s: 16
Validation loss did not improve
#70/300 loss:0.42553191489361697 accuracy:0.7963333333333333 val_loss:0.624 val_accuracy:0.71 val_0s:199/150 val_1s:101/150

Loss:  0.64 Accuracy:  0.65625 Train 0s:  17 Train 1s: 15
#71/300 loss:0.4322340425531913 accuracy:0.7956666666666666 val_loss:0.6060000000000001 val_accuracy:0.7133333333333334 val_0s:206/150 val_1s:94/150

Loss:  0.36 Accuracy:  0.78125 Train 0s:  14 Train 1s: 18
#72/300 loss:0.4229787234042556 accuracy:0.8006666666666666 val_loss:0.6039999999999999 val_accuracy:0.6966666666666667 val_0s:201/150 val_1s:99/150

Loss:  0.49 Accuracy:  0.78125 Train 0s:  13 Train 1s: 19
#73/300 loss:0.42691489361702123 accuracy:0.7943333333333333 val_loss:0.5860000000000001 val_accuracy:0.6966666666666667 val_0s:201/150 val_1s:99/150

Loss:  0.43 Accuracy:  0.8125 Train 0s:  17 Train 1s: 15
Validation loss did not improve
#74/300 loss:0.42776595744680845 accuracy:0.804 val_loss:0.593 val_accuracy:0.6933333333333334 val_0s:202/150 val_1s:98/150

Loss:  0.35 Accuracy:  0.875 Train 0s:  13 Train 1s: 19
Validation loss did not improve
#75/300 loss:0.42829787234042543 accuracy:0.794 val_loss:0.613 val_accuracy:0.72 val_0s:204/150 val_1s:96/150

Loss:  0.37 Accuracy:  0.78125 Train 0s:  14 Train 1s: 18
#76/300 loss:0.4238297872340425 accuracy:0.8063333333333333 val_loss:0.577 val_accuracy:0.69 val_0s:199/150 val_1s:101/150

Loss:  0.29 Accuracy:  0.90625 Train 0s:  19 Train 1s: 13
Validation loss did not improve
#77/300 loss:0.42276595744680845 accuracy:0.8023333333333333 val_loss:0.5770000000000001 val_accuracy:0.7 val_0s:196/150 val_1s:104/150

Loss:  0.41 Accuracy:  0.8125 Train 0s:  18 Train 1s: 14
Validation loss did not improve
#78/300 loss:0.42946808510638296 accuracy:0.785 val_loss:0.5950000000000001 val_accuracy:0.71 val_0s:203/150 val_1s:97/150

Loss:  0.35 Accuracy:  0.8125 Train 0s:  20 Train 1s: 12
Validation loss did not improve
#79/300 loss:0.4305319148936169 accuracy:0.799 val_loss:0.631 val_accuracy:0.71 val_0s:211/150 val_1s:89/150

Loss:  0.51 Accuracy:  0.71875 Train 0s:  15 Train 1s: 17
#80/300 loss:0.42340425531914916 accuracy:0.7963333333333333 val_loss:0.5860000000000001 val_accuracy:0.72 val_0s:204/150 val_1s:96/150

Loss:  0.35 Accuracy:  0.84375 Train 0s:  17 Train 1s: 15
#81/300 loss:0.4388297872340424 accuracy:0.787 val_loss:0.5549999999999999 val_accuracy:0.72 val_0s:200/150 val_1s:100/150

Loss:  0.41 Accuracy:  0.71875 Train 0s:  17 Train 1s: 15
Validation loss did not improve
#82/300 loss:0.4278723404255319 accuracy:0.7923333333333333 val_loss:0.589 val_accuracy:0.6933333333333334 val_0s:204/150 val_1s:96/150

Loss:  0.59 Accuracy:  0.625 Train 0s:  15 Train 1s: 17
Validation loss did not improve
#83/300 loss:0.43276595744680857 accuracy:0.7936666666666666 val_loss:0.597 val_accuracy:0.6966666666666667 val_0s:203/150 val_1s:97/150

Loss:  0.45 Accuracy:  0.75 Train 0s:  17 Train 1s: 15
#84/300 loss:0.4311702127659575 accuracy:0.785 val_loss:0.572 val_accuracy:0.7466666666666667 val_0s:202/150 val_1s:98/150

Loss:  0.49 Accuracy:  0.71875 Train 0s:  17 Train 1s: 15
Validation loss did not improve
#85/300 loss:0.42723404255319153 accuracy:0.8013333333333333 val_loss:0.5920000000000001 val_accuracy:0.71 val_0s:205/150 val_1s:95/150

Loss:  0.48 Accuracy:  0.78125 Train 0s:  13 Train 1s: 19
#86/300 loss:0.43329787234042555 accuracy:0.7943333333333333 val_loss:0.5880000000000001 val_accuracy:0.7033333333333334 val_0s:193/150 val_1s:107/150

Loss:  0.33 Accuracy:  0.90625 Train 0s:  16 Train 1s: 16
Validation loss did not improve
#87/300 loss:0.4201063829787235 accuracy:0.802 val_loss:0.592 val_accuracy:0.69 val_0s:199/150 val_1s:101/150

Loss:  0.31 Accuracy:  0.875 Train 0s:  14 Train 1s: 18
#88/300 loss:0.4317021276595744 accuracy:0.7933333333333333 val_loss:0.563 val_accuracy:0.7033333333333334 val_0s:201/150 val_1s:99/150

Loss:  0.51 Accuracy:  0.78125 Train 0s:  15 Train 1s: 17
Validation loss did not improve
#89/300 loss:0.42691489361702123 accuracy:0.7916666666666666 val_loss:0.602 val_accuracy:0.7033333333333334 val_0s:205/150 val_1s:95/150

Loss:  0.39 Accuracy:  0.84375 Train 0s:  15 Train 1s: 17
Validation loss did not improve
#90/300 loss:0.42531914893617034 accuracy:0.8006666666666666 val_loss:0.621 val_accuracy:0.7033333333333334 val_0s:203/150 val_1s:97/150

Loss:  0.39 Accuracy:  0.84375 Train 0s:  16 Train 1s: 16
#91/300 loss:0.42191489361702117 accuracy:0.7906666666666666 val_loss:0.598 val_accuracy:0.7166666666666667 val_0s:199/150 val_1s:101/150

Loss:  0.4 Accuracy:  0.84375 Train 0s:  17 Train 1s: 15
#92/300 loss:0.4322340425531914 accuracy:0.7906666666666666 val_loss:0.584 val_accuracy:0.7133333333333334 val_0s:204/150 val_1s:96/150

Loss:  0.51 Accuracy:  0.75 Train 0s:  16 Train 1s: 16
Validation loss did not improve
#93/300 loss:0.43468085106382987 accuracy:0.7896666666666666 val_loss:0.593 val_accuracy:0.7133333333333334 val_0s:204/150 val_1s:96/150

Loss:  0.55 Accuracy:  0.75 Train 0s:  18 Train 1s: 14
Validation loss did not improve
#94/300 loss:0.4327659574468085 accuracy:0.7996666666666666 val_loss:0.613 val_accuracy:0.7 val_0s:200/150 val_1s:100/150

Loss:  0.34 Accuracy:  0.8125 Train 0s:  14 Train 1s: 18
#95/300 loss:0.4270212765957447 accuracy:0.7973333333333333 val_loss:0.596 val_accuracy:0.7133333333333334 val_0s:206/150 val_1s:94/150

Loss:  0.4 Accuracy:  0.84375 Train 0s:  17 Train 1s: 15
Validation loss did not improve
#96/300 loss:0.42319148936170214 accuracy:0.8056666666666666 val_loss:0.599 val_accuracy:0.7033333333333334 val_0s:201/150 val_1s:99/150

Loss:  0.27 Accuracy:  0.96875 Train 0s:  16 Train 1s: 16
#97/300 loss:0.42468085106382963 accuracy:0.7986666666666666 val_loss:0.5780000000000001 val_accuracy:0.7166666666666667 val_0s:207/150 val_1s:93/150

Loss:  0.35 Accuracy:  0.84375 Train 0s:  13 Train 1s: 19
Validation loss did not improve
#98/300 loss:0.43436170212765957 accuracy:0.7863333333333333 val_loss:0.5800000000000001 val_accuracy:0.7233333333333334 val_0s:203/150 val_1s:97/150

Loss:  0.55 Accuracy:  0.75 Train 0s:  19 Train 1s: 13
Validation loss did not improve
#99/300 loss:0.4245744680851065 accuracy:0.8026666666666666 val_loss:0.6100000000000001 val_accuracy:0.71 val_0s:203/150 val_1s:97/150

Loss:  0.48 Accuracy:  0.71875 Train 0s:  15 Train 1s: 17
#100/300 loss:0.42170212765957454 accuracy:0.802 val_loss:0.595 val_accuracy:0.7066666666666667 val_0s:204/150 val_1s:96/150

Loss:  0.39 Accuracy:  0.84375 Train 0s:  16 Train 1s: 16
#101/300 loss:0.4297872340425532 accuracy:0.8 val_loss:0.5850000000000001 val_accuracy:0.7133333333333334 val_0s:206/150 val_1s:94/150

Loss:  0.55 Accuracy:  0.71875 Train 0s:  16 Train 1s: 16
Validation loss did not improve
#102/300 loss:0.4249999999999998 accuracy:0.8033333333333333 val_loss:0.593 val_accuracy:0.72 val_0s:204/150 val_1s:96/150

Loss:  0.34 Accuracy:  0.84375 Train 0s:  19 Train 1s: 13
Validation loss did not improve
#103/300 loss:0.4269148936170214 accuracy:0.7903333333333333 val_loss:0.601 val_accuracy:0.7 val_0s:202/150 val_1s:98/150

Loss:  0.47 Accuracy:  0.8125 Train 0s:  12 Train 1s: 20
#104/300 loss:0.4391489361702127 accuracy:0.7933333333333333 val_loss:0.572 val_accuracy:0.7033333333333334 val_0s:197/150 val_1s:103/150

Loss:  0.44 Accuracy:  0.78125 Train 0s:  16 Train 1s: 16
Validation loss did not improve
#105/300 loss:0.4346808510638299 accuracy:0.791 val_loss:0.631 val_accuracy:0.69 val_0s:201/150 val_1s:99/150

Loss:  0.37 Accuracy:  0.90625 Train 0s:  15 Train 1s: 17
#106/300 loss:0.43031914893617024 accuracy:0.7926666666666666 val_loss:0.572 val_accuracy:0.7266666666666667 val_0s:206/150 val_1s:94/150

Loss:  0.47 Accuracy:  0.84375 Train 0s:  14 Train 1s: 18
Validation loss did not improve
#107/300 loss:0.412127659574468 accuracy:0.8056666666666666 val_loss:0.5850000000000002 val_accuracy:0.68 val_0s:204/150 val_1s:96/150

Loss:  0.36 Accuracy:  0.8125 Train 0s:  18 Train 1s: 14
#108/300 loss:0.4234042553191489 accuracy:0.8006666666666666 val_loss:0.58 val_accuracy:0.7366666666666667 val_0s:199/150 val_1s:101/150

Loss:  0.33 Accuracy:  0.875 Train 0s:  18 Train 1s: 14
#109/300 loss:0.4330851063829785 accuracy:0.792 val_loss:0.576 val_accuracy:0.73 val_0s:205/150 val_1s:95/150

Loss:  0.51 Accuracy:  0.75 Train 0s:  20 Train 1s: 12
Validation loss did not improve
#110/300 loss:0.42468085106382963 accuracy:0.798 val_loss:0.576 val_accuracy:0.7366666666666667 val_0s:201/150 val_1s:99/150

Loss:  0.56 Accuracy:  0.65625 Train 0s:  14 Train 1s: 18
Validation loss did not improve
#111/300 loss:0.4306382978723405 accuracy:0.7936666666666666 val_loss:0.5959999999999999 val_accuracy:0.6933333333333334 val_0s:206/150 val_1s:94/150

Loss:  0.31 Accuracy:  0.875 Train 0s:  18 Train 1s: 14
#112/300 loss:0.427340425531915 accuracy:0.801 val_loss:0.559 val_accuracy:0.73 val_0s:207/150 val_1s:93/150

Loss:  0.48 Accuracy:  0.71875 Train 0s:  12 Train 1s: 20
Validation loss did not improve
#113/300 loss:0.43510638297872356 accuracy:0.789 val_loss:0.584 val_accuracy:0.7033333333333334 val_0s:201/150 val_1s:99/150

Loss:  0.47 Accuracy:  0.6875 Train 0s:  15 Train 1s: 17
Validation loss did not improve
#114/300 loss:0.42159574468085087 accuracy:0.801 val_loss:0.5960000000000001 val_accuracy:0.7033333333333334 val_0s:201/150 val_1s:99/150

Loss:  0.32 Accuracy:  0.84375 Train 0s:  15 Train 1s: 17
#115/300 loss:0.4285106382978721 accuracy:0.7956666666666666 val_loss:0.5720000000000001 val_accuracy:0.72 val_0s:196/150 val_1s:104/150

Loss:  0.44 Accuracy:  0.78125 Train 0s:  17 Train 1s: 15
Validation loss did not improve
#116/300 loss:0.4352127659574467 accuracy:0.792 val_loss:0.575 val_accuracy:0.7 val_0s:194/150 val_1s:106/150

Loss:  0.51 Accuracy:  0.6875 Train 0s:  14 Train 1s: 18
Validation loss did not improve
#117/300 loss:0.43148936170212754 accuracy:0.785 val_loss:0.575 val_accuracy:0.7266666666666667 val_0s:204/150 val_1s:96/150

Loss:  0.47 Accuracy:  0.78125 Train 0s:  20 Train 1s: 12
#118/300 loss:0.43680851063829795 accuracy:0.7963333333333333 val_loss:0.5680000000000001 val_accuracy:0.72 val_0s:206/150 val_1s:94/150

Loss:  0.27 Accuracy:  0.90625 Train 0s:  15 Train 1s: 17
Validation loss did not improve
#119/300 loss:0.42191489361702156 accuracy:0.7996666666666666 val_loss:0.6 val_accuracy:0.71 val_0s:213/150 val_1s:87/150

Loss:  0.33 Accuracy:  0.9375 Train 0s:  18 Train 1s: 14
Validation loss did not improve
#120/300 loss:0.43021276595744673 accuracy:0.7943333333333333 val_loss:0.601 val_accuracy:0.7166666666666667 val_0s:205/150 val_1s:95/150

Loss:  0.38 Accuracy:  0.78125 Train 0s:  20 Train 1s: 12
Validation loss did not improve
#121/300 loss:0.43585106382978744 accuracy:0.7933333333333333 val_loss:0.635 val_accuracy:0.6933333333333334 val_0s:200/150 val_1s:100/150

Loss:  0.46 Accuracy:  0.6875 Train 0s:  15 Train 1s: 17
#122/300 loss:0.4219148936170211 accuracy:0.7936666666666666 val_loss:0.611 val_accuracy:0.71 val_0s:209/150 val_1s:91/150

Loss:  0.52 Accuracy:  0.6875 Train 0s:  15 Train 1s: 17
#123/300 loss:0.42936170212765956 accuracy:0.7946666666666666 val_loss:0.5800000000000001 val_accuracy:0.7 val_0s:206/150 val_1s:94/150

Loss:  0.38 Accuracy:  0.8125 Train 0s:  15 Train 1s: 17
#124/300 loss:0.43319148936170204 accuracy:0.7923333333333333 val_loss:0.5660000000000001 val_accuracy:0.7433333333333333 val_0s:205/150 val_1s:95/150

Loss:  0.38 Accuracy:  0.78125 Train 0s:  15 Train 1s: 17
Validation loss did not improve
#125/300 loss:0.42893617021276603 accuracy:0.798 val_loss:0.602 val_accuracy:0.69 val_0s:207/150 val_1s:93/150

Loss:  0.36 Accuracy:  0.84375 Train 0s:  14 Train 1s: 18
#126/300 loss:0.4254255319148936 accuracy:0.7976666666666666 val_loss:0.573 val_accuracy:0.7066666666666667 val_0s:202/150 val_1s:98/150

Loss:  0.47 Accuracy:  0.8125 Train 0s:  19 Train 1s: 13
Validation loss did not improve
#127/300 loss:0.4240425531914894 accuracy:0.8036666666666666 val_loss:0.599 val_accuracy:0.74 val_0s:210/150 val_1s:90/150

Loss:  0.46 Accuracy:  0.78125 Train 0s:  17 Train 1s: 15
Validation loss did not improve
#128/300 loss:0.4405319148936169 accuracy:0.79 val_loss:0.6050000000000001 val_accuracy:0.6966666666666667 val_0s:203/150 val_1s:97/150

Loss:  0.5 Accuracy:  0.71875 Train 0s:  18 Train 1s: 14
#129/300 loss:0.43329787234042566 accuracy:0.7936666666666666 val_loss:0.6 val_accuracy:0.7066666666666667 val_0s:202/150 val_1s:98/150

Loss:  0.35 Accuracy:  0.84375 Train 0s:  14 Train 1s: 18
Validation loss did not improve
#130/300 loss:0.4247872340425531 accuracy:0.7946666666666666 val_loss:0.6239999999999999 val_accuracy:0.7066666666666667 val_0s:198/150 val_1s:102/150

Loss:  0.44 Accuracy:  0.8125 Train 0s:  14 Train 1s: 18
#131/300 loss:0.42425531914893627 accuracy:0.802 val_loss:0.5770000000000001 val_accuracy:0.7 val_0s:202/150 val_1s:98/150

Loss:  0.43 Accuracy:  0.8125 Train 0s:  14 Train 1s: 18
Validation loss did not improve
#132/300 loss:0.430744680851064 accuracy:0.7903333333333333 val_loss:0.6040000000000001 val_accuracy:0.7133333333333334 val_0s:194/150 val_1s:106/150

Loss:  0.28 Accuracy:  0.90625 Train 0s:  14 Train 1s: 18
#133/300 loss:0.43255319148936183 accuracy:0.79 val_loss:0.5930000000000001 val_accuracy:0.7 val_0s:208/150 val_1s:92/150

Loss:  0.42 Accuracy:  0.875 Train 0s:  19 Train 1s: 13
#134/300 loss:0.41882978723404285 accuracy:0.8023333333333333 val_loss:0.5920000000000002 val_accuracy:0.7166666666666667 val_0s:201/150 val_1s:99/150

Loss:  0.43 Accuracy:  0.78125 Train 0s:  16 Train 1s: 16
#135/300 loss:0.4353191489361703 accuracy:0.793 val_loss:0.5770000000000001 val_accuracy:0.6933333333333334 val_0s:208/150 val_1s:92/150

Loss:  0.37 Accuracy:  0.90625 Train 0s:  12 Train 1s: 20
Validation loss did not improve
#136/300 loss:0.4325531914893617 accuracy:0.7946666666666666 val_loss:0.597 val_accuracy:0.71 val_0s:211/150 val_1s:89/150

Loss:  0.43 Accuracy:  0.84375 Train 0s:  17 Train 1s: 15
Validation loss did not improve
#137/300 loss:0.4273404255319149 accuracy:0.7966666666666666 val_loss:0.6210000000000001 val_accuracy:0.7133333333333334 val_0s:204/150 val_1s:96/150

Loss:  0.43 Accuracy:  0.78125 Train 0s:  13 Train 1s: 19
#138/300 loss:0.4282978723404254 accuracy:0.795 val_loss:0.5800000000000001 val_accuracy:0.73 val_0s:211/150 val_1s:89/150

Loss:  0.41 Accuracy:  0.78125 Train 0s:  14 Train 1s: 18
Validation loss did not improve
#139/300 loss:0.4282978723404252 accuracy:0.7963333333333333 val_loss:0.591 val_accuracy:0.7133333333333334 val_0s:200/150 val_1s:100/150

Loss:  0.45 Accuracy:  0.78125 Train 0s:  13 Train 1s: 19
Validation loss did not improve
#140/300 loss:0.43340425531914895 accuracy:0.788 val_loss:0.609 val_accuracy:0.7066666666666667 val_0s:198/150 val_1s:102/150

Loss:  0.42 Accuracy:  0.78125 Train 0s:  13 Train 1s: 19
#141/300 loss:0.4310638297872338 accuracy:0.788 val_loss:0.563 val_accuracy:0.7066666666666667 val_0s:204/150 val_1s:96/150

Loss:  0.46 Accuracy:  0.75 Train 0s:  17 Train 1s: 15
Validation loss did not improve
#142/300 loss:0.4230851063829789 accuracy:0.7986666666666666 val_loss:0.583 val_accuracy:0.7033333333333334 val_0s:201/150 val_1s:99/150

Loss:  0.39 Accuracy:  0.8125 Train 0s:  20 Train 1s: 12
Validation loss did not improve
#143/300 loss:0.4270212765957447 accuracy:0.799 val_loss:0.593 val_accuracy:0.7033333333333334 val_0s:195/150 val_1s:105/150

Loss:  0.49 Accuracy:  0.75 Train 0s:  15 Train 1s: 17
#144/300 loss:0.42797872340425536 accuracy:0.7896666666666666 val_loss:0.5760000000000001 val_accuracy:0.7266666666666667 val_0s:196/150 val_1s:104/150

Loss:  0.39 Accuracy:  0.78125 Train 0s:  16 Train 1s: 16
Validation loss did not improve
#145/300 loss:0.4342553191489364 accuracy:0.789 val_loss:0.603 val_accuracy:0.7 val_0s:202/150 val_1s:98/150

Loss:  0.43 Accuracy:  0.78125 Train 0s:  15 Train 1s: 17
Validation loss did not improve
#146/300 loss:0.4384042553191489 accuracy:0.7863333333333333 val_loss:0.631 val_accuracy:0.7066666666666667 val_0s:204/150 val_1s:96/150

Loss:  0.46 Accuracy:  0.8125 Train 0s:  14 Train 1s: 18
#147/300 loss:0.4208510638297873 accuracy:0.8063333333333333 val_loss:0.6040000000000001 val_accuracy:0.71 val_0s:207/150 val_1s:93/150

Loss:  0.41 Accuracy:  0.8125 Train 0s:  15 Train 1s: 17
#148/300 loss:0.4256382978723404 accuracy:0.8023333333333333 val_loss:0.59 val_accuracy:0.71 val_0s:209/150 val_1s:91/150

Loss:  0.36 Accuracy:  0.8125 Train 0s:  20 Train 1s: 12
Validation loss did not improve
#149/300 loss:0.42510638297872344 accuracy:0.8006666666666666 val_loss:0.611 val_accuracy:0.7 val_0s:202/150 val_1s:98/150

Loss:  0.39 Accuracy:  0.8125 Train 0s:  15 Train 1s: 17
#150/300 loss:0.42680851063829794 accuracy:0.792 val_loss:0.6079999999999999 val_accuracy:0.68 val_0s:200/150 val_1s:100/150

Loss:  0.49 Accuracy:  0.75 Train 0s:  16 Train 1s: 16
#151/300 loss:0.4313829787234043 accuracy:0.788 val_loss:0.6 val_accuracy:0.73 val_0s:209/150 val_1s:91/150

Loss:  0.45 Accuracy:  0.84375 Train 0s:  15 Train 1s: 17
#152/300 loss:0.4182978723404255 accuracy:0.8036666666666666 val_loss:0.5860000000000001 val_accuracy:0.7166666666666667 val_0s:207/150 val_1s:93/150

Loss:  0.39 Accuracy:  0.875 Train 0s:  16 Train 1s: 16
Validation loss did not improve
#153/300 loss:0.4354255319148935 accuracy:0.7943333333333333 val_loss:0.6050000000000001 val_accuracy:0.7033333333333334 val_0s:201/150 val_1s:99/150

Loss:  0.5 Accuracy:  0.8125 Train 0s:  13 Train 1s: 19
#154/300 loss:0.4326595744680851 accuracy:0.792 val_loss:0.598 val_accuracy:0.7033333333333334 val_0s:205/150 val_1s:95/150

Loss:  0.35 Accuracy:  0.875 Train 0s:  16 Train 1s: 16
Validation loss did not improve
#155/300 loss:0.4309574468085104 accuracy:0.8 val_loss:0.625 val_accuracy:0.7166666666666667 val_0s:205/150 val_1s:95/150

Loss:  0.43 Accuracy:  0.75 Train 0s:  16 Train 1s: 16
#156/300 loss:0.42797872340425536 accuracy:0.798 val_loss:0.6079999999999999 val_accuracy:0.7033333333333334 val_0s:199/150 val_1s:101/150

Loss:  0.3 Accuracy:  0.90625 Train 0s:  17 Train 1s: 15
#157/300 loss:0.43117021276595746 accuracy:0.7916666666666666 val_loss:0.5970000000000001 val_accuracy:0.7033333333333334 val_0s:209/150 val_1s:91/150

Loss:  0.35 Accuracy:  0.90625 Train 0s:  20 Train 1s: 12
Validation loss did not improve
#158/300 loss:0.42702127659574474 accuracy:0.792 val_loss:0.613 val_accuracy:0.7133333333333334 val_0s:202/150 val_1s:98/150

Loss:  0.35 Accuracy:  0.84375 Train 0s:  18 Train 1s: 14
#159/300 loss:0.4272340425531913 accuracy:0.7956666666666666 val_loss:0.5660000000000001 val_accuracy:0.7266666666666667 val_0s:202/150 val_1s:98/150

Loss:  0.34 Accuracy:  0.875 Train 0s:  19 Train 1s: 13
Validation loss did not improve
#160/300 loss:0.4311702127659574 accuracy:0.785 val_loss:0.5950000000000001 val_accuracy:0.7166666666666667 val_0s:209/150 val_1s:91/150

Loss:  0.41 Accuracy:  0.78125 Train 0s:  17 Train 1s: 15
#161/300 loss:0.4346808510638299 accuracy:0.7886666666666666 val_loss:0.5780000000000001 val_accuracy:0.7233333333333334 val_0s:213/150 val_1s:87/150

Loss:  0.28 Accuracy:  0.90625 Train 0s:  18 Train 1s: 14
Validation loss did not improve
#162/300 loss:0.42914893617021266 accuracy:0.7943333333333333 val_loss:0.5830000000000002 val_accuracy:0.7033333333333334 val_0s:205/150 val_1s:95/150

Loss:  0.57 Accuracy:  0.6875 Train 0s:  13 Train 1s: 19
Validation loss did not improve
#163/300 loss:0.4258510638297873 accuracy:0.7993333333333333 val_loss:0.618 val_accuracy:0.7066666666666667 val_0s:202/150 val_1s:98/150

Loss:  0.4 Accuracy:  0.8125 Train 0s:  18 Train 1s: 14
#164/300 loss:0.4205319148936172 accuracy:0.8036666666666666 val_loss:0.5820000000000001 val_accuracy:0.7333333333333333 val_0s:206/150 val_1s:94/150

Loss:  0.42 Accuracy:  0.8125 Train 0s:  15 Train 1s: 17
Validation loss did not improve
#165/300 loss:0.4386170212765957 accuracy:0.784 val_loss:0.587 val_accuracy:0.7 val_0s:200/150 val_1s:100/150

Loss:  0.34 Accuracy:  0.84375 Train 0s:  14 Train 1s: 18
#166/300 loss:0.4180851063829789 accuracy:0.8013333333333333 val_loss:0.571 val_accuracy:0.7066666666666667 val_0s:204/150 val_1s:96/150

Loss:  0.39 Accuracy:  0.71875 Train 0s:  17 Train 1s: 15
Validation loss did not improve
#167/300 loss:0.4182978723404257 accuracy:0.7986666666666666 val_loss:0.588 val_accuracy:0.7 val_0s:208/150 val_1s:92/150

Loss:  0.27 Accuracy:  0.875 Train 0s:  14 Train 1s: 18
Validation loss did not improve
#168/300 loss:0.4258510638297874 accuracy:0.804 val_loss:0.6060000000000001 val_accuracy:0.7166666666666667 val_0s:199/150 val_1s:101/150

Loss:  0.32 Accuracy:  0.84375 Train 0s:  16 Train 1s: 16
#169/300 loss:0.43 accuracy:0.796 val_loss:0.576 val_accuracy:0.7233333333333334 val_0s:205/150 val_1s:95/150

Loss:  0.59 Accuracy:  0.5625 Train 0s:  15 Train 1s: 17
Validation loss did not improve
#170/300 loss:0.42478723404255325 accuracy:0.8003333333333333 val_loss:0.5919999999999999 val_accuracy:0.71 val_0s:205/150 val_1s:95/150

Loss:  0.35 Accuracy:  0.875 Train 0s:  15 Train 1s: 17
#171/300 loss:0.43648936170212776 accuracy:0.7916666666666666 val_loss:0.585 val_accuracy:0.7266666666666667 val_0s:198/150 val_1s:102/150

Loss:  0.49 Accuracy:  0.71875 Train 0s:  12 Train 1s: 20
Validation loss did not improve
#172/300 loss:0.43010638297872356 accuracy:0.7933333333333333 val_loss:0.608 val_accuracy:0.7033333333333334 val_0s:195/150 val_1s:105/150

Loss:  0.39 Accuracy:  0.84375 Train 0s:  14 Train 1s: 18
Validation loss did not improve
#173/300 loss:0.4330851063829788 accuracy:0.7893333333333333 val_loss:0.6090000000000001 val_accuracy:0.7033333333333334 val_0s:199/150 val_1s:101/150

Loss:  0.33 Accuracy:  0.875 Train 0s:  17 Train 1s: 15
#174/300 loss:0.4278723404255319 accuracy:0.7933333333333333 val_loss:0.5780000000000001 val_accuracy:0.69 val_0s:201/150 val_1s:99/150

Loss:  0.37 Accuracy:  0.84375 Train 0s:  18 Train 1s: 14
#175/300 loss:0.42829787234042566 accuracy:0.7926666666666666 val_loss:0.5650000000000001 val_accuracy:0.71 val_0s:207/150 val_1s:93/150

Loss:  0.46 Accuracy:  0.8125 Train 0s:  14 Train 1s: 18
Validation loss did not improve
#176/300 loss:0.4318085106382978 accuracy:0.7966666666666666 val_loss:0.5860000000000001 val_accuracy:0.7333333333333333 val_0s:200/150 val_1s:100/150

Loss:  0.47 Accuracy:  0.8125 Train 0s:  15 Train 1s: 17
Validation loss did not improve
#177/300 loss:0.42638297872340425 accuracy:0.7993333333333333 val_loss:0.6 val_accuracy:0.7033333333333334 val_0s:203/150 val_1s:97/150

Loss:  0.59 Accuracy:  0.65625 Train 0s:  19 Train 1s: 13
Validation loss did not improve
#178/300 loss:0.43638297872340454 accuracy:0.7876666666666666 val_loss:0.6119999999999999 val_accuracy:0.7266666666666667 val_0s:206/150 val_1s:94/150

Loss:  0.56 Accuracy:  0.71875 Train 0s:  14 Train 1s: 18
#179/300 loss:0.42563829787234025 accuracy:0.7953333333333333 val_loss:0.587 val_accuracy:0.71 val_0s:199/150 val_1s:101/150

Loss:  0.51 Accuracy:  0.71875 Train 0s:  16 Train 1s: 16
Validation loss did not improve
#180/300 loss:0.4248936170212764 accuracy:0.7966666666666666 val_loss:0.587 val_accuracy:0.72 val_0s:202/150 val_1s:98/150

Loss:  0.45 Accuracy:  0.71875 Train 0s:  17 Train 1s: 15
#181/300 loss:0.4277659574468085 accuracy:0.7876666666666666 val_loss:0.558 val_accuracy:0.72 val_0s:204/150 val_1s:96/150

Loss:  0.43 Accuracy:  0.78125 Train 0s:  15 Train 1s: 17
Validation loss did not improve
#182/300 loss:0.43968085106382987 accuracy:0.7916666666666666 val_loss:0.6010000000000001 val_accuracy:0.7 val_0s:200/150 val_1s:100/150

Loss:  0.49 Accuracy:  0.75 Train 0s:  15 Train 1s: 17
#183/300 loss:0.42851063829787245 accuracy:0.794 val_loss:0.564 val_accuracy:0.7233333333333334 val_0s:201/150 val_1s:99/150

Loss:  0.25 Accuracy:  0.96875 Train 0s:  14 Train 1s: 18
Validation loss did not improve
#184/300 loss:0.4284042553191491 accuracy:0.791 val_loss:0.627 val_accuracy:0.7133333333333334 val_0s:210/150 val_1s:90/150

Loss:  0.41 Accuracy:  0.875 Train 0s:  13 Train 1s: 19
#185/300 loss:0.423404255319149 accuracy:0.8013333333333333 val_loss:0.607 val_accuracy:0.7133333333333334 val_0s:208/150 val_1s:92/150

Loss:  0.55 Accuracy:  0.75 Train 0s:  16 Train 1s: 16
#186/300 loss:0.4325531914893617 accuracy:0.796 val_loss:0.591 val_accuracy:0.72 val_0s:204/150 val_1s:96/150

Loss:  0.41 Accuracy:  0.78125 Train 0s:  14 Train 1s: 18
#187/300 loss:0.43191489361702123 accuracy:0.7883333333333333 val_loss:0.586 val_accuracy:0.7166666666666667 val_0s:205/150 val_1s:95/150

Loss:  0.57 Accuracy:  0.65625 Train 0s:  13 Train 1s: 19
Validation loss did not improve
#188/300 loss:0.4320212765957447 accuracy:0.7853333333333333 val_loss:0.595 val_accuracy:0.72 val_0s:208/150 val_1s:92/150

Loss:  0.54 Accuracy:  0.78125 Train 0s:  16 Train 1s: 16
#189/300 loss:0.4245744680851062 accuracy:0.795 val_loss:0.581 val_accuracy:0.7033333333333334 val_0s:203/150 val_1s:97/150

Loss:  0.43 Accuracy:  0.8125 Train 0s:  18 Train 1s: 14
Validation loss did not improve
#190/300 loss:0.4276595744680852 accuracy:0.796 val_loss:0.602 val_accuracy:0.7166666666666667 val_0s:207/150 val_1s:93/150

Loss:  0.58 Accuracy:  0.78125 Train 0s:  13 Train 1s: 19
Validation loss did not improve
#191/300 loss:0.43308510638297887 accuracy:0.7886666666666666 val_loss:0.61 val_accuracy:0.7066666666666667 val_0s:198/150 val_1s:102/150

Loss:  0.44 Accuracy:  0.78125 Train 0s:  16 Train 1s: 16
#192/300 loss:0.4255319148936171 accuracy:0.7993333333333333 val_loss:0.5850000000000002 val_accuracy:0.68 val_0s:202/150 val_1s:98/150

Loss:  0.55 Accuracy:  0.71875 Train 0s:  17 Train 1s: 15
Validation loss did not improve
#193/300 loss:0.4357446808510636 accuracy:0.792 val_loss:0.5950000000000001 val_accuracy:0.7133333333333334 val_0s:206/150 val_1s:94/150

Loss:  0.46 Accuracy:  0.71875 Train 0s:  17 Train 1s: 15
Validation loss did not improve
#194/300 loss:0.4373404255319147 accuracy:0.7846666666666666 val_loss:0.607 val_accuracy:0.7233333333333334 val_0s:201/150 val_1s:99/150

Loss:  0.33 Accuracy:  0.8125 Train 0s:  16 Train 1s: 16
#195/300 loss:0.4237234042553192 accuracy:0.8006666666666666 val_loss:0.5970000000000001 val_accuracy:0.71 val_0s:201/150 val_1s:99/150

Loss:  0.44 Accuracy:  0.8125 Train 0s:  15 Train 1s: 17
#196/300 loss:0.4329787234042552 accuracy:0.7903333333333333 val_loss:0.5879999999999999 val_accuracy:0.6933333333333334 val_0s:208/150 val_1s:92/150

Loss:  0.43 Accuracy:  0.75 Train 0s:  17 Train 1s: 15
#197/300 loss:0.4254255319148936 accuracy:0.8026666666666666 val_loss:0.5800000000000001 val_accuracy:0.71 val_0s:205/150 val_1s:95/150

Loss:  0.47 Accuracy:  0.78125 Train 0s:  12 Train 1s: 20
#198/300 loss:0.4305319148936167 accuracy:0.7896666666666666 val_loss:0.572 val_accuracy:0.7066666666666667 val_0s:204/150 val_1s:96/150

Loss:  0.38 Accuracy:  0.875 Train 0s:  15 Train 1s: 17
Validation loss did not improve
#199/300 loss:0.4291489361702127 accuracy:0.794 val_loss:0.588 val_accuracy:0.7266666666666667 val_0s:200/150 val_1s:100/150

Loss:  0.49 Accuracy:  0.71875 Train 0s:  18 Train 1s: 14
#200/300 loss:0.4317021276595746 accuracy:0.7896666666666666 val_loss:0.576 val_accuracy:0.6866666666666666 val_0s:206/150 val_1s:94/150

Loss:  0.48 Accuracy:  0.71875 Train 0s:  11 Train 1s: 21
Validation loss did not improve
#201/300 loss:0.42297872340425535 accuracy:0.7933333333333333 val_loss:0.605 val_accuracy:0.6866666666666666 val_0s:194/150 val_1s:106/150

Loss:  0.44 Accuracy:  0.78125 Train 0s:  15 Train 1s: 17
#202/300 loss:0.4258510638297871 accuracy:0.7986666666666666 val_loss:0.592 val_accuracy:0.68 val_0s:202/150 val_1s:98/150

Loss:  0.52 Accuracy:  0.65625 Train 0s:  16 Train 1s: 16
Validation loss did not improve
#203/300 loss:0.427659574468085 accuracy:0.7976666666666666 val_loss:0.603 val_accuracy:0.71 val_0s:203/150 val_1s:97/150

Loss:  0.24 Accuracy:  0.90625 Train 0s:  17 Train 1s: 15
#204/300 loss:0.42691489361702106 accuracy:0.793 val_loss:0.586 val_accuracy:0.7166666666666667 val_0s:209/150 val_1s:91/150

Loss:  0.43 Accuracy:  0.71875 Train 0s:  12 Train 1s: 20
#205/300 loss:0.43414893617021255 accuracy:0.7883333333333333 val_loss:0.5820000000000001 val_accuracy:0.72 val_0s:202/150 val_1s:98/150

Loss:  0.49 Accuracy:  0.8125 Train 0s:  14 Train 1s: 18
Validation loss did not improve
#206/300 loss:0.4346808510638297 accuracy:0.7843333333333333 val_loss:0.599 val_accuracy:0.6933333333333334 val_0s:208/150 val_1s:92/150

Loss:  0.45 Accuracy:  0.78125 Train 0s:  14 Train 1s: 18
#207/300 loss:0.4239361702127662 accuracy:0.7956666666666666 val_loss:0.569 val_accuracy:0.71 val_0s:197/150 val_1s:103/150

Loss:  0.48 Accuracy:  0.84375 Train 0s:  15 Train 1s: 17
Validation loss did not improve
#208/300 loss:0.4286170212765957 accuracy:0.7916666666666666 val_loss:0.636 val_accuracy:0.69 val_0s:201/150 val_1s:99/150

Loss:  0.42 Accuracy:  0.75 Train 0s:  13 Train 1s: 19
#209/300 loss:0.43106382978723407 accuracy:0.8016666666666666 val_loss:0.609 val_accuracy:0.6933333333333334 val_0s:202/150 val_1s:98/150

Loss:  0.34 Accuracy:  0.84375 Train 0s:  18 Train 1s: 14
#210/300 loss:0.42159574468085104 accuracy:0.799 val_loss:0.6020000000000001 val_accuracy:0.6966666666666667 val_0s:201/150 val_1s:99/150

Loss:  0.5 Accuracy:  0.6875 Train 0s:  16 Train 1s: 16
#211/300 loss:0.4324468085106382 accuracy:0.7903333333333333 val_loss:0.594 val_accuracy:0.7 val_0s:202/150 val_1s:98/150

Loss:  0.45 Accuracy:  0.78125 Train 0s:  14 Train 1s: 18
#212/300 loss:0.42819148936170237 accuracy:0.7976666666666666 val_loss:0.5790000000000001 val_accuracy:0.71 val_0s:205/150 val_1s:95/150

Loss:  0.45 Accuracy:  0.75 Train 0s:  14 Train 1s: 18
Validation loss did not improve
#213/300 loss:0.43499999999999994 accuracy:0.7853333333333333 val_loss:0.629 val_accuracy:0.6966666666666667 val_0s:203/150 val_1s:97/150

Loss:  0.39 Accuracy:  0.84375 Train 0s:  14 Train 1s: 18
#214/300 loss:0.422872340425532 accuracy:0.8023333333333333 val_loss:0.564 val_accuracy:0.7366666666666667 val_0s:207/150 val_1s:93/150

Loss:  0.45 Accuracy:  0.78125 Train 0s:  15 Train 1s: 17
Validation loss did not improve
#215/300 loss:0.4325531914893616 accuracy:0.7926666666666666 val_loss:0.598 val_accuracy:0.68 val_0s:204/150 val_1s:96/150

Loss:  0.34 Accuracy:  0.84375 Train 0s:  14 Train 1s: 18
#216/300 loss:0.42297872340425546 accuracy:0.7963333333333333 val_loss:0.567 val_accuracy:0.6966666666666667 val_0s:211/150 val_1s:89/150

Loss:  0.38 Accuracy:  0.84375 Train 0s:  16 Train 1s: 16
#217/300 loss:0.43095744680851056 accuracy:0.791 val_loss:0.564 val_accuracy:0.7 val_0s:204/150 val_1s:96/150

Loss:  0.26 Accuracy:  0.9375 Train 0s:  17 Train 1s: 15
Validation loss did not improve
#218/300 loss:0.432340425531915 accuracy:0.7966666666666666 val_loss:0.5959999999999999 val_accuracy:0.7433333333333333 val_0s:205/150 val_1s:95/150

Loss:  0.36 Accuracy:  0.78125 Train 0s:  19 Train 1s: 13
#219/300 loss:0.4265957446808511 accuracy:0.7936666666666666 val_loss:0.5900000000000001 val_accuracy:0.71 val_0s:205/150 val_1s:95/150

Loss:  0.55 Accuracy:  0.6875 Train 0s:  12 Train 1s: 20
Validation loss did not improve
#220/300 loss:0.43457446808510625 accuracy:0.786 val_loss:0.5930000000000001 val_accuracy:0.7166666666666667 val_0s:207/150 val_1s:93/150

Loss:  0.44 Accuracy:  0.84375 Train 0s:  14 Train 1s: 18
#221/300 loss:0.4238297872340428 accuracy:0.799 val_loss:0.5880000000000001 val_accuracy:0.7266666666666667 val_0s:202/150 val_1s:98/150

Loss:  0.46 Accuracy:  0.75 Train 0s:  15 Train 1s: 17
Validation loss did not improve
#222/300 loss:0.4282978723404256 accuracy:0.8036666666666666 val_loss:0.595 val_accuracy:0.6966666666666667 val_0s:207/150 val_1s:93/150

Loss:  0.51 Accuracy:  0.71875 Train 0s:  17 Train 1s: 15
Validation loss did not improve
#223/300 loss:0.42904255319148943 accuracy:0.79 val_loss:0.5980000000000001 val_accuracy:0.71 val_0s:201/150 val_1s:99/150

Loss:  0.52 Accuracy:  0.78125 Train 0s:  16 Train 1s: 16
#224/300 loss:0.4311702127659574 accuracy:0.7993333333333333 val_loss:0.58 val_accuracy:0.7133333333333334 val_0s:210/150 val_1s:90/150

Loss:  0.31 Accuracy:  0.9375 Train 0s:  20 Train 1s: 12
Validation loss did not improve
#225/300 loss:0.42627659574468085 accuracy:0.79 val_loss:0.6020000000000001 val_accuracy:0.6966666666666667 val_0s:205/150 val_1s:95/150

Loss:  0.44 Accuracy:  0.8125 Train 0s:  14 Train 1s: 18
Validation loss did not improve
#226/300 loss:0.4198936170212768 accuracy:0.8056666666666666 val_loss:0.6250000000000001 val_accuracy:0.7133333333333334 val_0s:210/150 val_1s:90/150

Loss:  0.43 Accuracy:  0.8125 Train 0s:  14 Train 1s: 18
#227/300 loss:0.4262765957446809 accuracy:0.7936666666666666 val_loss:0.579 val_accuracy:0.7166666666666667 val_0s:207/150 val_1s:93/150

Loss:  0.22 Accuracy:  0.96875 Train 0s:  14 Train 1s: 18
#228/300 loss:0.42702127659574474 accuracy:0.7976666666666666 val_loss:0.5740000000000001 val_accuracy:0.7266666666666667 val_0s:204/150 val_1s:96/150

Loss:  0.46 Accuracy:  0.78125 Train 0s:  18 Train 1s: 14
#229/300 loss:0.4235106382978721 accuracy:0.7966666666666666 val_loss:0.5690000000000001 val_accuracy:0.71 val_0s:205/150 val_1s:95/150

Loss:  0.47 Accuracy:  0.8125 Train 0s:  17 Train 1s: 15
Validation loss did not improve
#230/300 loss:0.4265957446808509 accuracy:0.793 val_loss:0.591 val_accuracy:0.7266666666666667 val_0s:202/150 val_1s:98/150

Loss:  0.41 Accuracy:  0.75 Train 0s:  17 Train 1s: 15
#231/300 loss:0.4285106382978722 accuracy:0.7943333333333333 val_loss:0.562 val_accuracy:0.7233333333333334 val_0s:207/150 val_1s:93/150

Loss:  0.39 Accuracy:  0.78125 Train 0s:  18 Train 1s: 14
Validation loss did not improve
#232/300 loss:0.42617021276595735 accuracy:0.7913333333333333 val_loss:0.585 val_accuracy:0.72 val_0s:206/150 val_1s:94/150

Loss:  0.33 Accuracy:  0.84375 Train 0s:  12 Train 1s: 20
Validation loss did not improve
#233/300 loss:0.4362765957446808 accuracy:0.7913333333333333 val_loss:0.6179999999999999 val_accuracy:0.7033333333333334 val_0s:205/150 val_1s:95/150

Loss:  0.48 Accuracy:  0.71875 Train 0s:  14 Train 1s: 18
#234/300 loss:0.42712765957446813 accuracy:0.7883333333333333 val_loss:0.5690000000000001 val_accuracy:0.7033333333333334 val_0s:201/150 val_1s:99/150

Loss:  0.34 Accuracy:  0.875 Train 0s:  15 Train 1s: 17
Validation loss did not improve
#235/300 loss:0.4262765957446808 accuracy:0.7933333333333333 val_loss:0.6060000000000001 val_accuracy:0.69 val_0s:207/150 val_1s:93/150

Loss:  0.39 Accuracy:  0.78125 Train 0s:  15 Train 1s: 17
Validation loss did not improve
#236/300 loss:0.4261702127659574 accuracy:0.7976666666666666 val_loss:0.607 val_accuracy:0.71 val_0s:199/150 val_1s:101/150

Loss:  0.3 Accuracy:  0.90625 Train 0s:  19 Train 1s: 13
#237/300 loss:0.4238297872340426 accuracy:0.8066666666666666 val_loss:0.575 val_accuracy:0.6933333333333334 val_0s:202/150 val_1s:98/150

Loss:  0.44 Accuracy:  0.8125 Train 0s:  15 Train 1s: 17
Validation loss did not improve
#238/300 loss:0.4305319148936169 accuracy:0.787 val_loss:0.6239999999999999 val_accuracy:0.7 val_0s:206/150 val_1s:94/150

Loss:  0.41 Accuracy:  0.8125 Train 0s:  15 Train 1s: 17
#239/300 loss:0.42723404255319136 accuracy:0.7986666666666666 val_loss:0.5780000000000001 val_accuracy:0.7 val_0s:204/150 val_1s:96/150

Loss:  0.54 Accuracy:  0.6875 Train 0s:  16 Train 1s: 16
Validation loss did not improve
#240/300 loss:0.42946808510638296 accuracy:0.7956666666666666 val_loss:0.615 val_accuracy:0.7033333333333334 val_0s:211/150 val_1s:89/150

Loss:  0.46 Accuracy:  0.75 Train 0s:  16 Train 1s: 16
#241/300 loss:0.4341489361702128 accuracy:0.7963333333333333 val_loss:0.566 val_accuracy:0.7 val_0s:206/150 val_1s:94/150

Loss:  0.39 Accuracy:  0.90625 Train 0s:  16 Train 1s: 16
Validation loss did not improve
#242/300 loss:0.4178723404255317 accuracy:0.81 val_loss:0.5850000000000001 val_accuracy:0.7266666666666667 val_0s:204/150 val_1s:96/150

Loss:  0.43 Accuracy:  0.75 Train 0s:  16 Train 1s: 16
Validation loss did not improve
#243/300 loss:0.4259574468085106 accuracy:0.7973333333333333 val_loss:0.6 val_accuracy:0.69 val_0s:205/150 val_1s:95/150

Loss:  0.36 Accuracy:  0.8125 Train 0s:  18 Train 1s: 14
#244/300 loss:0.4141489361702126 accuracy:0.8026666666666666 val_loss:0.594 val_accuracy:0.7133333333333334 val_0s:210/150 val_1s:90/150

Loss:  0.45 Accuracy:  0.75 Train 0s:  17 Train 1s: 15
#245/300 loss:0.4256382978723403 accuracy:0.8016666666666666 val_loss:0.579 val_accuracy:0.7 val_0s:202/150 val_1s:98/150

Loss:  0.48 Accuracy:  0.71875 Train 0s:  19 Train 1s: 13
#246/300 loss:0.42787234042553185 accuracy:0.7936666666666666 val_loss:0.575 val_accuracy:0.73 val_0s:203/150 val_1s:97/150

Loss:  0.48 Accuracy:  0.71875 Train 0s:  18 Train 1s: 14
Validation loss did not improve
#247/300 loss:0.4363829787234044 accuracy:0.7853333333333333 val_loss:0.587 val_accuracy:0.7 val_0s:208/150 val_1s:92/150

Loss:  0.46 Accuracy:  0.78125 Train 0s:  18 Train 1s: 14
#248/300 loss:0.42042553191489357 accuracy:0.8006666666666666 val_loss:0.571 val_accuracy:0.73 val_0s:207/150 val_1s:93/150

Loss:  0.4 Accuracy:  0.71875 Train 0s:  15 Train 1s: 17
Validation loss did not improve
#249/300 loss:0.4218085106382977 accuracy:0.7966666666666666 val_loss:0.5740000000000001 val_accuracy:0.7466666666666667 val_0s:202/150 val_1s:98/150

Loss:  0.4 Accuracy:  0.78125 Train 0s:  11 Train 1s: 21
Validation loss did not improve
#250/300 loss:0.43180851063829767 accuracy:0.7873333333333333 val_loss:0.611 val_accuracy:0.6866666666666666 val_0s:208/150 val_1s:92/150

Loss:  0.47 Accuracy:  0.78125 Train 0s:  15 Train 1s: 17
#251/300 loss:0.4259574468085106 accuracy:0.7943333333333333 val_loss:0.5940000000000001 val_accuracy:0.7066666666666667 val_0s:200/150 val_1s:100/150

Loss:  0.52 Accuracy:  0.71875 Train 0s:  12 Train 1s: 20
#252/300 loss:0.4172340425531916 accuracy:0.8093333333333333 val_loss:0.584 val_accuracy:0.71 val_0s:211/150 val_1s:89/150

Loss:  0.48 Accuracy:  0.8125 Train 0s:  15 Train 1s: 17
Validation loss did not improve
#253/300 loss:0.4253191489361701 accuracy:0.7983333333333333 val_loss:0.584 val_accuracy:0.7166666666666667 val_0s:201/150 val_1s:99/150

Loss:  0.29 Accuracy:  0.84375 Train 0s:  16 Train 1s: 16
#254/300 loss:0.4203191489361704 accuracy:0.8083333333333333 val_loss:0.583 val_accuracy:0.7133333333333334 val_0s:210/150 val_1s:90/150

Loss:  0.29 Accuracy:  0.9375 Train 0s:  20 Train 1s: 12
Validation loss did not improve
#255/300 loss:0.4307446808510637 accuracy:0.792 val_loss:0.6000000000000001 val_accuracy:0.6866666666666666 val_0s:202/150 val_1s:98/150

Loss:  0.38 Accuracy:  0.78125 Train 0s:  16 Train 1s: 16
Validation loss did not improve
#256/300 loss:0.4301063829787235 accuracy:0.7896666666666666 val_loss:0.6010000000000001 val_accuracy:0.7066666666666667 val_0s:202/150 val_1s:98/150

Loss:  0.36 Accuracy:  0.84375 Train 0s:  15 Train 1s: 17
Validation loss did not improve
#257/300 loss:0.42085106382978704 accuracy:0.8023333333333333 val_loss:0.602 val_accuracy:0.71 val_0s:199/150 val_1s:101/150

Loss:  0.56 Accuracy:  0.65625 Train 0s:  13 Train 1s: 19
#258/300 loss:0.42638297872340447 accuracy:0.797 val_loss:0.5700000000000001 val_accuracy:0.7333333333333333 val_0s:200/150 val_1s:100/150

Loss:  0.34 Accuracy:  0.875 Train 0s:  16 Train 1s: 16
Validation loss did not improve
#259/300 loss:0.43095744680851067 accuracy:0.797 val_loss:0.578 val_accuracy:0.7 val_0s:212/150 val_1s:88/150

Loss:  0.47 Accuracy:  0.75 Train 0s:  13 Train 1s: 19
Validation loss did not improve
#260/300 loss:0.4219148936170212 accuracy:0.8003333333333333 val_loss:0.582 val_accuracy:0.7066666666666667 val_0s:206/150 val_1s:94/150

Loss:  0.41 Accuracy:  0.75 Train 0s:  14 Train 1s: 18
#261/300 loss:0.41148936170212763 accuracy:0.8056666666666666 val_loss:0.578 val_accuracy:0.7 val_0s:206/150 val_1s:94/150

Loss:  0.5 Accuracy:  0.78125 Train 0s:  17 Train 1s: 15
Validation loss did not improve
#262/300 loss:0.43436170212765945 accuracy:0.7836666666666666 val_loss:0.593 val_accuracy:0.6833333333333333 val_0s:197/150 val_1s:103/150

Loss:  0.41 Accuracy:  0.8125 Train 0s:  16 Train 1s: 16
Validation loss did not improve
#263/300 loss:0.42648936170212765 accuracy:0.7953333333333333 val_loss:0.651 val_accuracy:0.6966666666666667 val_0s:203/150 val_1s:97/150

Loss:  0.46 Accuracy:  0.78125 Train 0s:  16 Train 1s: 16
#264/300 loss:0.4277659574468085 accuracy:0.795 val_loss:0.5860000000000001 val_accuracy:0.7166666666666667 val_0s:205/150 val_1s:95/150

Loss:  0.54 Accuracy:  0.65625 Train 0s:  16 Train 1s: 16
Validation loss did not improve
#265/300 loss:0.42521276595744695 accuracy:0.7946666666666666 val_loss:0.6150000000000001 val_accuracy:0.6966666666666667 val_0s:203/150 val_1s:97/150

Loss:  0.45 Accuracy:  0.71875 Train 0s:  12 Train 1s: 20
#266/300 loss:0.42957446808510646 accuracy:0.7906666666666666 val_loss:0.5800000000000001 val_accuracy:0.7 val_0s:204/150 val_1s:96/150

Loss:  0.39 Accuracy:  0.90625 Train 0s:  14 Train 1s: 18
Validation loss did not improve
#267/300 loss:0.43212765957446814 accuracy:0.795 val_loss:0.616 val_accuracy:0.7166666666666667 val_0s:209/150 val_1s:91/150

Loss:  0.4 Accuracy:  0.78125 Train 0s:  15 Train 1s: 17
#268/300 loss:0.4341489361702127 accuracy:0.785 val_loss:0.61 val_accuracy:0.7233333333333334 val_0s:203/150 val_1s:97/150

Loss:  0.45 Accuracy:  0.75 Train 0s:  17 Train 1s: 15
#269/300 loss:0.4278723404255319 accuracy:0.7986666666666666 val_loss:0.5970000000000001 val_accuracy:0.69 val_0s:197/150 val_1s:103/150

Loss:  0.39 Accuracy:  0.78125 Train 0s:  18 Train 1s: 14
#270/300 loss:0.42063829787234036 accuracy:0.7973333333333333 val_loss:0.5770000000000002 val_accuracy:0.7 val_0s:198/150 val_1s:102/150

Loss:  0.25 Accuracy:  0.9375 Train 0s:  19 Train 1s: 13
#271/300 loss:0.4304255319148936 accuracy:0.7856666666666666 val_loss:0.563 val_accuracy:0.7033333333333334 val_0s:205/150 val_1s:95/150

Loss:  0.59 Accuracy:  0.6875 Train 0s:  11 Train 1s: 21
#272/300 loss:0.4249999999999999 accuracy:0.7993333333333333 val_loss:0.561 val_accuracy:0.7166666666666667 val_0s:205/150 val_1s:95/150

Loss:  0.48 Accuracy:  0.75 Train 0s:  18 Train 1s: 14
Validation loss did not improve
#273/300 loss:0.4267021276595742 accuracy:0.797 val_loss:0.599 val_accuracy:0.6933333333333334 val_0s:200/150 val_1s:100/150

Loss:  0.36 Accuracy:  0.8125 Train 0s:  13 Train 1s: 19
Validation loss did not improve
#274/300 loss:0.42606382978723395 accuracy:0.79 val_loss:0.605 val_accuracy:0.72 val_0s:200/150 val_1s:100/150

Loss:  0.41 Accuracy:  0.78125 Train 0s:  12 Train 1s: 20
#275/300 loss:0.42308510638297875 accuracy:0.796 val_loss:0.599 val_accuracy:0.7033333333333334 val_0s:209/150 val_1s:91/150

Loss:  0.43 Accuracy:  0.71875 Train 0s:  18 Train 1s: 14
#276/300 loss:0.4240425531914892 accuracy:0.8043333333333333 val_loss:0.575 val_accuracy:0.7233333333333334 val_0s:211/150 val_1s:89/150

Loss:  0.4 Accuracy:  0.78125 Train 0s:  18 Train 1s: 14
Validation loss did not improve
#277/300 loss:0.4230851063829786 accuracy:0.803 val_loss:0.592 val_accuracy:0.7066666666666667 val_0s:204/150 val_1s:96/150

Loss:  0.43 Accuracy:  0.75 Train 0s:  13 Train 1s: 19
#278/300 loss:0.43510638297872334 accuracy:0.7886666666666666 val_loss:0.582 val_accuracy:0.7 val_0s:200/150 val_1s:100/150

Loss:  0.5 Accuracy:  0.78125 Train 0s:  15 Train 1s: 17
#279/300 loss:0.42787234042553174 accuracy:0.7906666666666666 val_loss:0.5810000000000001 val_accuracy:0.7 val_0s:198/150 val_1s:102/150

Loss:  0.51 Accuracy:  0.71875 Train 0s:  14 Train 1s: 18
Validation loss did not improve
#280/300 loss:0.42638297872340425 accuracy:0.7926666666666666 val_loss:0.605 val_accuracy:0.6833333333333333 val_0s:205/150 val_1s:95/150

Loss:  0.36 Accuracy:  0.84375 Train 0s:  16 Train 1s: 16
#281/300 loss:0.430212765957447 accuracy:0.7886666666666666 val_loss:0.5919999999999999 val_accuracy:0.6966666666666667 val_0s:199/150 val_1s:101/150

Loss:  0.41 Accuracy:  0.84375 Train 0s:  15 Train 1s: 17
#282/300 loss:0.42691489361702145 accuracy:0.7973333333333333 val_loss:0.5890000000000001 val_accuracy:0.71 val_0s:207/150 val_1s:93/150

Loss:  0.43 Accuracy:  0.8125 Train 0s:  13 Train 1s: 19
#283/300 loss:0.42468085106382975 accuracy:0.8026666666666666 val_loss:0.565 val_accuracy:0.7233333333333334 val_0s:197/150 val_1s:103/150

Loss:  0.37 Accuracy:  0.8125 Train 0s:  18 Train 1s: 14
Validation loss did not improve
#284/300 loss:0.4188297872340425 accuracy:0.8006666666666666 val_loss:0.5730000000000001 val_accuracy:0.7 val_0s:202/150 val_1s:98/150

Loss:  0.43 Accuracy:  0.71875 Train 0s:  16 Train 1s: 16
#285/300 loss:0.4251063829787235 accuracy:0.801 val_loss:0.563 val_accuracy:0.6933333333333334 val_0s:212/150 val_1s:88/150

Loss:  0.48 Accuracy:  0.71875 Train 0s:  15 Train 1s: 17
Validation loss did not improve
#286/300 loss:0.42829787234042566 accuracy:0.8016666666666666 val_loss:0.6210000000000001 val_accuracy:0.6966666666666667 val_0s:205/150 val_1s:95/150

Loss:  0.44 Accuracy:  0.78125 Train 0s:  16 Train 1s: 16
#287/300 loss:0.4314893617021276 accuracy:0.793 val_loss:0.5720000000000001 val_accuracy:0.72 val_0s:202/150 val_1s:98/150

Loss:  0.32 Accuracy:  0.90625 Train 0s:  15 Train 1s: 17
Validation loss did not improve
#288/300 loss:0.4281914893617022 accuracy:0.7996666666666666 val_loss:0.602 val_accuracy:0.7133333333333334 val_0s:200/150 val_1s:100/150

Loss:  0.46 Accuracy:  0.75 Train 0s:  19 Train 1s: 13
#289/300 loss:0.43074468085106377 accuracy:0.794 val_loss:0.5810000000000001 val_accuracy:0.7266666666666667 val_0s:208/150 val_1s:92/150

Loss:  0.51 Accuracy:  0.6875 Train 0s:  19 Train 1s: 13
#290/300 loss:0.4243617021276595 accuracy:0.8043333333333333 val_loss:0.5759999999999998 val_accuracy:0.69 val_0s:197/150 val_1s:103/150

Loss:  0.47 Accuracy:  0.71875 Train 0s:  18 Train 1s: 14
#291/300 loss:0.42712765957446813 accuracy:0.7983333333333333 val_loss:0.575 val_accuracy:0.7033333333333334 val_0s:203/150 val_1s:97/150

Loss:  0.35 Accuracy:  0.875 Train 0s:  17 Train 1s: 15
Validation loss did not improve
#292/300 loss:0.41968085106382974 accuracy:0.8036666666666666 val_loss:0.615 val_accuracy:0.6933333333333334 val_0s:206/150 val_1s:94/150

Loss:  0.47 Accuracy:  0.71875 Train 0s:  17 Train 1s: 15
#293/300 loss:0.4224468085106383 accuracy:0.7953333333333333 val_loss:0.563 val_accuracy:0.7033333333333334 val_0s:203/150 val_1s:97/150

Loss:  0.43 Accuracy:  0.78125 Train 0s:  16 Train 1s: 16
Validation loss did not improve
#294/300 loss:0.42755319148936155 accuracy:0.7986666666666666 val_loss:0.59 val_accuracy:0.7333333333333333 val_0s:208/150 val_1s:92/150

Loss:  0.46 Accuracy:  0.75 Train 0s:  13 Train 1s: 19
#295/300 loss:0.4322340425531914 accuracy:0.79 val_loss:0.575 val_accuracy:0.7 val_0s:204/150 val_1s:96/150

Loss:  0.38 Accuracy:  0.78125 Train 0s:  15 Train 1s: 17
Validation loss did not improve
#296/300 loss:0.42446808510638295 accuracy:0.8003333333333333 val_loss:0.5860000000000001 val_accuracy:0.7133333333333334 val_0s:208/150 val_1s:92/150

Loss:  0.46 Accuracy:  0.78125 Train 0s:  19 Train 1s: 13
Validation loss did not improve
#297/300 loss:0.41457446808510645 accuracy:0.8023333333333333 val_loss:0.6100000000000001 val_accuracy:0.7033333333333334 val_0s:201/150 val_1s:99/150

Loss:  0.44 Accuracy:  0.71875 Train 0s:  18 Train 1s: 14
#298/300 loss:0.4288297872340425 accuracy:0.7976666666666666 val_loss:0.574 val_accuracy:0.7166666666666667 val_0s:201/150 val_1s:99/150

Loss:  0.46 Accuracy:  0.75 Train 0s:  16 Train 1s: 16
Validation loss did not improve
#299/300 loss:0.4261702127659574 accuracy:0.7906666666666666 val_loss:0.5830000000000001 val_accuracy:0.7166666666666667 val_0s:205/150 val_1s:95/150

Loss:  0.48 Accuracy:  0.78125 Train 0s:  12 Train 1s: 20
#300/300 loss:0.4297872340425534 accuracy:0.7986666666666666 val_loss:0.5719999999999998 val_accuracy:0.7133333333333334 val_0s:198/150 val_1s:102/150
